Using pre-set license
Built from '2020.3/staging' branch; Version is '2020.3.11f1 (99c7afb366b3) revision 10078127'; Using compiler version '192528614'; Build Type 'Release'
OS: 'Windows 10 Home; OS build 18363.1556; Version 1909; 64bit' Language: 'en' Physical Memory: 16265 MB
BatchMode: 1, IsHumanControllingUs: 0, StartBugReporterOnCrash: 0, Is64bit: 1, IsPro: 0

 COMMAND LINE ARGUMENTS:
E:\Unity\2020.3.11f1\Editor\Unity.exe
-adb2
-batchMode
-noUpm
-name
AssetImportWorker0
-projectPath
C:/Users/joni/BearGame
-logFile
Logs/AssetImportWorker0.log
-srvPort
56168
Successfully changed project path to: C:/Users/joni/BearGame
C:/Users/joni/BearGame
Using Asset Import Pipeline V2.
Refreshing native plugins compatible for Editor in 31.38 ms, found 3 plugins.
Preloading 0 native plugins for Editor in 0.00 ms.
Initialize engine version: 2020.3.11f1 (99c7afb366b3)
[Subsystems] Discovering subsystems at path E:/Unity/2020.3.11f1/Editor/Data/Resources/UnitySubsystems
[Subsystems] Discovering subsystems at path C:/Users/joni/BearGame/Assets
GfxDevice: creating device client; threaded=0
Direct3D:
    Version:  Direct3D 11.0 [level 11.1]
    Renderer: NVIDIA GeForce GTX 1050 Ti (ID=0x1c82)
    Vendor:   
    VRAM:     4018 MB
    Driver:   30.0.15.1123
Initialize mono
Mono path[0] = 'E:/Unity/2020.3.11f1/Editor/Data/Managed'
Mono path[1] = 'E:/Unity/2020.3.11f1/Editor/Data/MonoBleedingEdge/lib/mono/unityjit'
Mono config path = 'E:/Unity/2020.3.11f1/Editor/Data/MonoBleedingEdge/etc'
Using monoOptions --debugger-agent=transport=dt_socket,embedding=1,server=y,suspend=n,address=127.0.0.1:56084
Begin MonoManager ReloadAssembly
Registering precompiled unity dll's ...
Register platform support module: E:/Unity/2020.3.11f1/Editor/Data/PlaybackEngines/WindowsStandaloneSupport/UnityEditor.WindowsStandalone.Extensions.dll
Registered in 0.000599 seconds.
Native extension for WindowsStandalone target not found
Refreshing native plugins compatible for Editor in 32.85 ms, found 3 plugins.
Preloading 0 native plugins for Editor in 0.00 ms.
Mono: successfully reloaded assembly
- Completed reload, in  0.580 seconds
Platform modules already initialized, skipping
Registering precompiled user dll's ...
Registered in 0.003377 seconds.
Begin MonoManager ReloadAssembly
Native extension for WindowsStandalone target not found
Refreshing native plugins compatible for Editor in 33.60 ms, found 3 plugins.
Preloading 0 native plugins for Editor in 0.00 ms.
Mono: successfully reloaded assembly
- Completed reload, in  0.735 seconds
Platform modules already initialized, skipping
========================================================================
Worker process is ready to serve import requests
Launched and connected shader compiler UnityShaderCompiler.exe after 0.03 seconds
Refreshing native plugins compatible for Editor in 0.43 ms, found 3 plugins.
Preloading 0 native plugins for Editor in 0.00 ms.
Unloading 2218 Unused Serialized files (Serialized files now loaded: 0)
System memory in use before: 98.6 MB.
System memory in use after: 98.6 MB.

Unloading 33 unused Assets to reduce memory usage. Loaded Objects now: 2653.
Total: 1.922500 ms (FindLiveObjects: 0.169900 ms CreateObjectMapping: 0.067400 ms MarkObjects: 1.586700 ms  DeleteObjects: 0.098000 ms)

========================================================================
Received Import Request.
  path: Assets/Art/Places/JonnesRoom.png
  artifactKey: Guid(9994ce13ddb9b4b4894e2474201eb3e0) Importer(815301076,1909f56bfc062723c751e8b465ee728b)
Start importing Assets/Art/Places/JonnesRoom.png using Guid(9994ce13ddb9b4b4894e2474201eb3e0) Importer(815301076,1909f56bfc062723c751e8b465ee728b)  -> (artifact id: '2b4550906813ed746f23f1fa990ccbd9') in 0.118624 seconds
  Import took 0.121274 seconds .

========================================================================
Received Import Request.
  Time since last request: 0.000129 seconds.
  path: Assets/Art/Places/Kitchen.png
  artifactKey: Guid(a6427332f3275ba489ffd10256683618) Importer(815301076,1909f56bfc062723c751e8b465ee728b)
Start importing Assets/Art/Places/Kitchen.png using Guid(a6427332f3275ba489ffd10256683618) Importer(815301076,1909f56bfc062723c751e8b465ee728b)  -> (artifact id: '7264a8030bf25c524eb6c2bf5ecfdc96') in 0.010355 seconds
  Import took 0.012741 seconds .

========================================================================
Received Import Request.
  Time since last request: 0.000110 seconds.
  path: Assets/Art/Places/KitchenWare.png
  artifactKey: Guid(c5ad5a1b99b39294d87f152791db3081) Importer(815301076,1909f56bfc062723c751e8b465ee728b)
Start importing Assets/Art/Places/KitchenWare.png using Guid(c5ad5a1b99b39294d87f152791db3081) Importer(815301076,1909f56bfc062723c751e8b465ee728b)  -> (artifact id: 'ad6027fc4584cf20c51167fd19e69512') in 0.008322 seconds
  Import took 0.010573 seconds .

========================================================================
Received Import Request.
  Time since last request: 0.000124 seconds.
  path: Assets/Art/Places
  artifactKey: Guid(1d02c60249384234bb0964160304094a) Importer(815301076,1909f56bfc062723c751e8b465ee728b)
Start importing Assets/Art/Places using Guid(1d02c60249384234bb0964160304094a) Importer(815301076,1909f56bfc062723c751e8b465ee728b)  -> (artifact id: '348988021c0295af80d9f91a2d9a2241') in 0.004182 seconds
  Import took 0.006304 seconds .

========================================================================
Received Import Request.
  Time since last request: 32.128571 seconds.
  path: Assets/Art/Characters/Jonne/Idle (64x64).png
  artifactKey: Guid(0191bc2ec715dbd458fa5c145952417f) Importer(815301076,1909f56bfc062723c751e8b465ee728b)
Start importing Assets/Art/Characters/Jonne/Idle (64x64).png using Guid(0191bc2ec715dbd458fa5c145952417f) Importer(815301076,1909f56bfc062723c751e8b465ee728b)  -> (artifact id: 'fd0b42e8d55ef8420a1b07bf409fe052') in 0.023762 seconds
  Import took 0.026534 seconds .

========================================================================
Received Import Request.
  Time since last request: 0.000128 seconds.
  path: Assets/Art/Characters/Jonne/Walk (64x64).png
  artifactKey: Guid(7ba257bd839fd024ebcd7361e024133c) Importer(815301076,1909f56bfc062723c751e8b465ee728b)
Start importing Assets/Art/Characters/Jonne/Walk (64x64).png using Guid(7ba257bd839fd024ebcd7361e024133c) Importer(815301076,1909f56bfc062723c751e8b465ee728b)  -> (artifact id: '03c0da105b04e3b477502c0420bac72f') in 0.038760 seconds
  Import took 0.040922 seconds .

========================================================================
Received Import Request.
  Time since last request: 0.000116 seconds.
  path: Assets/Art/Characters/Jonne/Sit (64x64).png
  artifactKey: Guid(38cd5cc68e3896d4abcb4fee08aa5203) Importer(815301076,1909f56bfc062723c751e8b465ee728b)
Start importing Assets/Art/Characters/Jonne/Sit (64x64).png using Guid(38cd5cc68e3896d4abcb4fee08aa5203) Importer(815301076,1909f56bfc062723c751e8b465ee728b)  -> (artifact id: 'bf610d3068bc0b550b971d0059684dc7') in 0.007330 seconds
  Import took 0.009728 seconds .

========================================================================
Received Import Request.
  Time since last request: 18.805616 seconds.
  path: Assets/Art/Characters/Jonne/Sit (64x64).png
  artifactKey: Guid(38cd5cc68e3896d4abcb4fee08aa5203) Importer(815301076,1909f56bfc062723c751e8b465ee728b)
Start importing Assets/Art/Characters/Jonne/Sit (64x64).png using Guid(38cd5cc68e3896d4abcb4fee08aa5203) Importer(815301076,1909f56bfc062723c751e8b465ee728b)  -> (artifact id: 'f1545189b598a79c0bea907cbe35d847') in 0.005350 seconds
  Import took 0.008021 seconds .

========================================================================
Received Import Request.
  Time since last request: 1.158590 seconds.
  path: Assets/Art/Characters/Taina/tainaCurious.png
  artifactKey: Guid(928c110a31b86954cb8ee2b8560ce679) Importer(815301076,1909f56bfc062723c751e8b465ee728b)
Start importing Assets/Art/Characters/Taina/tainaCurious.png using Guid(928c110a31b86954cb8ee2b8560ce679) Importer(815301076,1909f56bfc062723c751e8b465ee728b)  -> (artifact id: 'c6255351d399d66b95801206660564fb') in 0.007714 seconds
  Import took 0.010333 seconds .

========================================================================
Received Import Request.
  Time since last request: 0.000107 seconds.
  path: Assets/Art/Characters/Taina/tainaNeutral.png
  artifactKey: Guid(d69673a28b52d9d40a9d3e083eb7ce82) Importer(815301076,1909f56bfc062723c751e8b465ee728b)
Start importing Assets/Art/Characters/Taina/tainaNeutral.png using Guid(d69673a28b52d9d40a9d3e083eb7ce82) Importer(815301076,1909f56bfc062723c751e8b465ee728b)  -> (artifact id: '1fc1b9b9a24d718273858de98b1bd992') in 0.006970 seconds
  Import took 0.009477 seconds .

========================================================================
Received Import Request.
  Time since last request: 0.000148 seconds.
  path: Assets/Art/Characters/Taina/tainaElated.png
  artifactKey: Guid(40e687a1e304f454f86303f6a888a34b) Importer(815301076,1909f56bfc062723c751e8b465ee728b)
Start importing Assets/Art/Characters/Taina/tainaElated.png using Guid(40e687a1e304f454f86303f6a888a34b) Importer(815301076,1909f56bfc062723c751e8b465ee728b)  -> (artifact id: '8daf470eb635a9523141e482fcda004c') in 0.007157 seconds
  Import took 0.009502 seconds .

========================================================================
Received Import Request.
  Time since last request: 0.000111 seconds.
  path: Assets/Art/Characters/Taina/tainaSus.png
  artifactKey: Guid(9091979f0fa05fb4eaeb6fe182b4c71d) Importer(815301076,1909f56bfc062723c751e8b465ee728b)
Start importing Assets/Art/Characters/Taina/tainaSus.png using Guid(9091979f0fa05fb4eaeb6fe182b4c71d) Importer(815301076,1909f56bfc062723c751e8b465ee728b)  -> (artifact id: 'e2414aae7beefcf262684243bac97289') in 0.006929 seconds
  Import took 0.009188 seconds .

========================================================================
Received Import Request.
  Time since last request: 0.000120 seconds.
  path: Assets/Art/Characters/Taina/tainaSmile.png
  artifactKey: Guid(912028e1f1b24f94b8b505856c23c3d4) Importer(815301076,1909f56bfc062723c751e8b465ee728b)
Start importing Assets/Art/Characters/Taina/tainaSmile.png using Guid(912028e1f1b24f94b8b505856c23c3d4) Importer(815301076,1909f56bfc062723c751e8b465ee728b)  -> (artifact id: '483f26d4e31b9e2b8bc017d94a040031') in 0.006368 seconds
  Import took 0.008674 seconds .

========================================================================
Received Import Request.
  Time since last request: 0.000111 seconds.
  path: Assets/Art/Characters/Taina/tainaStern.png
  artifactKey: Guid(abd58c8f1087c4d4488efa608ad52d1c) Importer(815301076,1909f56bfc062723c751e8b465ee728b)
Start importing Assets/Art/Characters/Taina/tainaStern.png using Guid(abd58c8f1087c4d4488efa608ad52d1c) Importer(815301076,1909f56bfc062723c751e8b465ee728b)  -> (artifact id: 'dfe1ce74972f6615db5cd4ff34f1bfe8') in 0.006416 seconds
  Import took 0.008575 seconds .

========================================================================
Received Import Request.
  Time since last request: 0.000104 seconds.
  path: Assets/Art/Characters/Taina/tainaExcited.png
  artifactKey: Guid(29cb035752f74df489958cec8322605d) Importer(815301076,1909f56bfc062723c751e8b465ee728b)
Start importing Assets/Art/Characters/Taina/tainaExcited.png using Guid(29cb035752f74df489958cec8322605d) Importer(815301076,1909f56bfc062723c751e8b465ee728b)  -> (artifact id: 'b11793327644f074cfe7990d241b54e2') in 0.006324 seconds
  Import took 0.008507 seconds .

========================================================================
Received Import Request.
  Time since last request: 0.000108 seconds.
  path: Assets/Art/Characters/Taina/tainasit.png
  artifactKey: Guid(5be73d8ed2df46e488c8347b22f47d68) Importer(815301076,1909f56bfc062723c751e8b465ee728b)
Start importing Assets/Art/Characters/Taina/tainasit.png using Guid(5be73d8ed2df46e488c8347b22f47d68) Importer(815301076,1909f56bfc062723c751e8b465ee728b)  -> (artifact id: 'ee554f14387dbd7b3670ce6321aa0a8a') in 0.007112 seconds
  Import took 0.009260 seconds .

========================================================================
Received Import Request.
  Time since last request: 0.000097 seconds.
  path: Assets/Art/Characters/Taina/tainaWorried.png
  artifactKey: Guid(0f098a3503196684990f0c2be4252869) Importer(815301076,1909f56bfc062723c751e8b465ee728b)
Start importing Assets/Art/Characters/Taina/tainaWorried.png using Guid(0f098a3503196684990f0c2be4252869) Importer(815301076,1909f56bfc062723c751e8b465ee728b)  -> (artifact id: 'b8124e8eedcaf56084ceab7c6772b70b') in 0.006706 seconds
  Import took 0.031416 seconds .

========================================================================
Received Import Request.
  Time since last request: 5.735474 seconds.
  path: Assets/Art/Characters/Taina/tainaCurious.png
  artifactKey: Guid(928c110a31b86954cb8ee2b8560ce679) Importer(815301076,1909f56bfc062723c751e8b465ee728b)
Start importing Assets/Art/Characters/Taina/tainaCurious.png using Guid(928c110a31b86954cb8ee2b8560ce679) Importer(815301076,1909f56bfc062723c751e8b465ee728b)  -> (artifact id: '56ceed013c5612a01ce8eb337d7ad6bb') in 0.004342 seconds
  Import took 0.006948 seconds .

========================================================================
Received Import Request.
  Time since last request: 0.000099 seconds.
  path: Assets/Art/Characters/Taina/tainaNeutral.png
  artifactKey: Guid(d69673a28b52d9d40a9d3e083eb7ce82) Importer(815301076,1909f56bfc062723c751e8b465ee728b)
Start importing Assets/Art/Characters/Taina/tainaNeutral.png using Guid(d69673a28b52d9d40a9d3e083eb7ce82) Importer(815301076,1909f56bfc062723c751e8b465ee728b)  -> (artifact id: '481b3d7e8f0de019b3027f89d11dec65') in 0.004052 seconds
  Import took 0.006183 seconds .

========================================================================
Received Import Request.
  Time since last request: 0.000103 seconds.
  path: Assets/Art/Characters/Taina/tainaElated.png
  artifactKey: Guid(40e687a1e304f454f86303f6a888a34b) Importer(815301076,1909f56bfc062723c751e8b465ee728b)
Start importing Assets/Art/Characters/Taina/tainaElated.png using Guid(40e687a1e304f454f86303f6a888a34b) Importer(815301076,1909f56bfc062723c751e8b465ee728b)  -> (artifact id: 'e5969641af7d7cc71af089afe83e8641') in 0.006340 seconds
  Import took 0.008440 seconds .

========================================================================
Received Import Request.
  Time since last request: 0.000120 seconds.
  path: Assets/Art/Characters/Taina/tainaSus.png
  artifactKey: Guid(9091979f0fa05fb4eaeb6fe182b4c71d) Importer(815301076,1909f56bfc062723c751e8b465ee728b)
Start importing Assets/Art/Characters/Taina/tainaSus.png using Guid(9091979f0fa05fb4eaeb6fe182b4c71d) Importer(815301076,1909f56bfc062723c751e8b465ee728b)  -> (artifact id: '153380f0853c159545324b4b95da3571') in 0.003871 seconds
  Import took 0.006024 seconds .

========================================================================
Received Import Request.
  Time since last request: 0.000102 seconds.
  path: Assets/Art/Characters/Taina/tainaSmile.png
  artifactKey: Guid(912028e1f1b24f94b8b505856c23c3d4) Importer(815301076,1909f56bfc062723c751e8b465ee728b)
Start importing Assets/Art/Characters/Taina/tainaSmile.png using Guid(912028e1f1b24f94b8b505856c23c3d4) Importer(815301076,1909f56bfc062723c751e8b465ee728b)  -> (artifact id: 'f813e2d8fcaca63516f7f081ba75c7e6') in 0.004031 seconds
  Import took 0.006053 seconds .

========================================================================
Received Import Request.
  Time since last request: 0.000097 seconds.
  path: Assets/Art/Characters/Taina/tainaStern.png
  artifactKey: Guid(abd58c8f1087c4d4488efa608ad52d1c) Importer(815301076,1909f56bfc062723c751e8b465ee728b)
Start importing Assets/Art/Characters/Taina/tainaStern.png using Guid(abd58c8f1087c4d4488efa608ad52d1c) Importer(815301076,1909f56bfc062723c751e8b465ee728b)  -> (artifact id: '55ef7033980e05555dd8510084222724') in 0.003826 seconds
  Import took 0.005746 seconds .

========================================================================
Received Import Request.
  Time since last request: 0.000100 seconds.
  path: Assets/Art/Characters/Taina/tainaExcited.png
  artifactKey: Guid(29cb035752f74df489958cec8322605d) Importer(815301076,1909f56bfc062723c751e8b465ee728b)
Start importing Assets/Art/Characters/Taina/tainaExcited.png using Guid(29cb035752f74df489958cec8322605d) Importer(815301076,1909f56bfc062723c751e8b465ee728b)  -> (artifact id: '1876d155c3ad6b6ae4b4496709d7163f') in 0.004324 seconds
  Import took 0.006289 seconds .

========================================================================
Received Import Request.
  Time since last request: 0.000095 seconds.
  path: Assets/Art/Characters/Taina/tainasit.png
  artifactKey: Guid(5be73d8ed2df46e488c8347b22f47d68) Importer(815301076,1909f56bfc062723c751e8b465ee728b)
Start importing Assets/Art/Characters/Taina/tainasit.png using Guid(5be73d8ed2df46e488c8347b22f47d68) Importer(815301076,1909f56bfc062723c751e8b465ee728b)  -> (artifact id: '29f247c22a7aaccbf9379c7f73d3e8e4') in 0.004585 seconds
  Import took 0.006542 seconds .

========================================================================
Received Import Request.
  Time since last request: 0.000099 seconds.
  path: Assets/Art/Characters/Taina/tainaWorried.png
  artifactKey: Guid(0f098a3503196684990f0c2be4252869) Importer(815301076,1909f56bfc062723c751e8b465ee728b)
Start importing Assets/Art/Characters/Taina/tainaWorried.png using Guid(0f098a3503196684990f0c2be4252869) Importer(815301076,1909f56bfc062723c751e8b465ee728b)  -> (artifact id: 'd0cccdede7e1742089d37b0475e97b39') in 0.003766 seconds
  Import took 0.005757 seconds .

========================================================================
Received Import Request.
  Time since last request: 1.292787 seconds.
  path: Assets/Art/Characters/Jonne/Faces
  artifactKey: Guid(fcbc61b38056b79469520b7f77495d07) Importer(815301076,1909f56bfc062723c751e8b465ee728b)
Start importing Assets/Art/Characters/Jonne/Faces using Guid(fcbc61b38056b79469520b7f77495d07) Importer(815301076,1909f56bfc062723c751e8b465ee728b)  -> (artifact id: 'e099b9662a49ea972295376d535974f1') in 0.004443 seconds
  Import took 0.007106 seconds .

========================================================================
Received Import Request.
  Time since last request: 0.076183 seconds.
  path: Assets/Art/Characters/Jonne/Faces/jonneAngry.png
  artifactKey: Guid(0efdcbb091dd35c41b706c76f15cd864) Importer(815301076,1909f56bfc062723c751e8b465ee728b)
Start importing Assets/Art/Characters/Jonne/Faces/jonneAngry.png using Guid(0efdcbb091dd35c41b706c76f15cd864) Importer(815301076,1909f56bfc062723c751e8b465ee728b)  -> (artifact id: 'a9664dbb0ba15133eb719267f31fa48c') in 0.006638 seconds
  Import took 0.009066 seconds .

========================================================================
Received Import Request.
  Time since last request: 0.000109 seconds.
  path: Assets/Art/Characters/Jonne/Faces/jonneSurprised.png
  artifactKey: Guid(e58f6d0a64b8cda4f9edf0308ec5b736) Importer(815301076,1909f56bfc062723c751e8b465ee728b)
Start importing Assets/Art/Characters/Jonne/Faces/jonneSurprised.png using Guid(e58f6d0a64b8cda4f9edf0308ec5b736) Importer(815301076,1909f56bfc062723c751e8b465ee728b)  -> (artifact id: 'a1819a608a114d2165c26c038a4e186d') in 0.006545 seconds
  Import took 0.008800 seconds .

========================================================================
Received Import Request.
  Time since last request: 0.000112 seconds.
  path: Assets/Art/Characters/Jonne/Faces/jonneSmile.png
  artifactKey: Guid(4a70f4e027395b749a7f04f912c3828a) Importer(815301076,1909f56bfc062723c751e8b465ee728b)
Start importing Assets/Art/Characters/Jonne/Faces/jonneSmile.png using Guid(4a70f4e027395b749a7f04f912c3828a) Importer(815301076,1909f56bfc062723c751e8b465ee728b)  -> (artifact id: '2462a0769b45f81a2b27340155c6c0ef') in 0.007548 seconds
  Import took 0.010049 seconds .

========================================================================
Received Import Request.
  Time since last request: 0.000102 seconds.
  path: Assets/Art/Characters/Jonne/Faces/jonneNeutral.png
  artifactKey: Guid(90b2d23a27ea5af45beb731c4ba81a0d) Importer(815301076,1909f56bfc062723c751e8b465ee728b)
Start importing Assets/Art/Characters/Jonne/Faces/jonneNeutral.png using Guid(90b2d23a27ea5af45beb731c4ba81a0d) Importer(815301076,1909f56bfc062723c751e8b465ee728b)  -> (artifact id: '9a88b7266c19ad673231201743a8db39') in 0.006633 seconds
  Import took 0.008793 seconds .

========================================================================
Received Import Request.
  Time since last request: 0.000121 seconds.
  path: Assets/Art/Characters/Jonne/Faces/jonneSmug.png
  artifactKey: Guid(2e8c72292243bbd49b175fffece5f327) Importer(815301076,1909f56bfc062723c751e8b465ee728b)
Start importing Assets/Art/Characters/Jonne/Faces/jonneSmug.png using Guid(2e8c72292243bbd49b175fffece5f327) Importer(815301076,1909f56bfc062723c751e8b465ee728b)  -> (artifact id: 'e2ec694df10d2616f21b898ac6715707') in 0.006664 seconds
  Import took 0.008731 seconds .

========================================================================
Received Import Request.
  Time since last request: 0.000094 seconds.
  path: Assets/Art/Characters/Jonne/Faces/jonneSad.png
  artifactKey: Guid(83602726f0c550a4b8ca638902e657e2) Importer(815301076,1909f56bfc062723c751e8b465ee728b)
Start importing Assets/Art/Characters/Jonne/Faces/jonneSad.png using Guid(83602726f0c550a4b8ca638902e657e2) Importer(815301076,1909f56bfc062723c751e8b465ee728b)  -> (artifact id: '0d5a3a6ad0375723187af3ceee8c95ce') in 0.006707 seconds
  Import took 0.008766 seconds .

========================================================================
Received Import Request.
  Time since last request: 0.000097 seconds.
  path: Assets/Art/Characters/Jonne/Faces/jonneSus.png
  artifactKey: Guid(993aaa58e1cbd474fb465e17a45ee67e) Importer(815301076,1909f56bfc062723c751e8b465ee728b)
Start importing Assets/Art/Characters/Jonne/Faces/jonneSus.png using Guid(993aaa58e1cbd474fb465e17a45ee67e) Importer(815301076,1909f56bfc062723c751e8b465ee728b)  -> (artifact id: '4158ca906b309efa82eb397063a6bc88') in 0.006514 seconds
  Import took 0.008857 seconds .

========================================================================
Received Import Request.
  Time since last request: 0.000127 seconds.
  path: Assets/Art/Characters/Jonne/Faces/jonneBlush.png
  artifactKey: Guid(86bdd452357aa914281f8a434fe03622) Importer(815301076,1909f56bfc062723c751e8b465ee728b)
Start importing Assets/Art/Characters/Jonne/Faces/jonneBlush.png using Guid(86bdd452357aa914281f8a434fe03622) Importer(815301076,1909f56bfc062723c751e8b465ee728b)  -> (artifact id: '8209845ab58684ed2058452bafe9c67d') in 0.007408 seconds
  Import took 0.009492 seconds .

========================================================================
Received Import Request.
  Time since last request: 0.000101 seconds.
  path: Assets/Art/Characters/Jonne/Faces/jonneSus.png
  artifactKey: Guid(993aaa58e1cbd474fb465e17a45ee67e) Importer(815301076,1909f56bfc062723c751e8b465ee728b)
Start importing Assets/Art/Characters/Jonne/Faces/jonneSus.png using Guid(993aaa58e1cbd474fb465e17a45ee67e) Importer(815301076,1909f56bfc062723c751e8b465ee728b)  -> (artifact id: '4158ca906b309efa82eb397063a6bc88') in 0.004280 seconds
  Import took 0.006335 seconds .

========================================================================
Received Import Request.
  Time since last request: 4.844399 seconds.
  path: Assets/Art/Characters/Jonne/Faces/jonneAngry.png
  artifactKey: Guid(0efdcbb091dd35c41b706c76f15cd864) Importer(815301076,1909f56bfc062723c751e8b465ee728b)
Start importing Assets/Art/Characters/Jonne/Faces/jonneAngry.png using Guid(0efdcbb091dd35c41b706c76f15cd864) Importer(815301076,1909f56bfc062723c751e8b465ee728b)  -> (artifact id: '41244667f601dba23b369f72217eedd7') in 0.004300 seconds
  Import took 0.006971 seconds .

========================================================================
Received Import Request.
  Time since last request: 0.000110 seconds.
  path: Assets/Art/Characters/Jonne/Faces/jonneSurprised.png
  artifactKey: Guid(e58f6d0a64b8cda4f9edf0308ec5b736) Importer(815301076,1909f56bfc062723c751e8b465ee728b)
Start importing Assets/Art/Characters/Jonne/Faces/jonneSurprised.png using Guid(e58f6d0a64b8cda4f9edf0308ec5b736) Importer(815301076,1909f56bfc062723c751e8b465ee728b)  -> (artifact id: '5e682b2e95132db6c5421b67a5691418') in 0.003867 seconds
  Import took 0.006095 seconds .

========================================================================
Received Import Request.
  Time since last request: 0.000115 seconds.
  path: Assets/Art/Characters/Jonne/Faces/jonneSmile.png
  artifactKey: Guid(4a70f4e027395b749a7f04f912c3828a) Importer(815301076,1909f56bfc062723c751e8b465ee728b)
Start importing Assets/Art/Characters/Jonne/Faces/jonneSmile.png using Guid(4a70f4e027395b749a7f04f912c3828a) Importer(815301076,1909f56bfc062723c751e8b465ee728b)  -> (artifact id: 'e9e1e5fdcca7145e7e85cbd20a5a9079') in 0.003800 seconds
  Import took 0.005762 seconds .

========================================================================
Received Import Request.
  Time since last request: 0.000111 seconds.
  path: Assets/Art/Characters/Jonne/Faces/jonneNeutral.png
  artifactKey: Guid(90b2d23a27ea5af45beb731c4ba81a0d) Importer(815301076,1909f56bfc062723c751e8b465ee728b)
Start importing Assets/Art/Characters/Jonne/Faces/jonneNeutral.png using Guid(90b2d23a27ea5af45beb731c4ba81a0d) Importer(815301076,1909f56bfc062723c751e8b465ee728b)  -> (artifact id: '6cae734815a81cd653f041a924a2f80b') in 0.003789 seconds
  Import took 0.005681 seconds .

========================================================================
Received Import Request.
  Time since last request: 0.000095 seconds.
  path: Assets/Art/Characters/Jonne/Faces/jonneSmug.png
  artifactKey: Guid(2e8c72292243bbd49b175fffece5f327) Importer(815301076,1909f56bfc062723c751e8b465ee728b)
Start importing Assets/Art/Characters/Jonne/Faces/jonneSmug.png using Guid(2e8c72292243bbd49b175fffece5f327) Importer(815301076,1909f56bfc062723c751e8b465ee728b)  -> (artifact id: 'dd7a7a457c64d69880f9c18464a6468b') in 0.005167 seconds
  Import took 0.007466 seconds .

========================================================================
Received Import Request.
  Time since last request: 0.000107 seconds.
  path: Assets/Art/Characters/Jonne/Faces/jonneSad.png
  artifactKey: Guid(83602726f0c550a4b8ca638902e657e2) Importer(815301076,1909f56bfc062723c751e8b465ee728b)
Start importing Assets/Art/Characters/Jonne/Faces/jonneSad.png using Guid(83602726f0c550a4b8ca638902e657e2) Importer(815301076,1909f56bfc062723c751e8b465ee728b)  -> (artifact id: '9f2970ae0628befadcc1a76905cf1acd') in 0.003869 seconds
  Import took 0.005830 seconds .

========================================================================
Received Import Request.
  Time since last request: 0.000096 seconds.
  path: Assets/Art/Characters/Jonne/Faces/jonneSus.png
  artifactKey: Guid(993aaa58e1cbd474fb465e17a45ee67e) Importer(815301076,1909f56bfc062723c751e8b465ee728b)
Start importing Assets/Art/Characters/Jonne/Faces/jonneSus.png using Guid(993aaa58e1cbd474fb465e17a45ee67e) Importer(815301076,1909f56bfc062723c751e8b465ee728b)  -> (artifact id: '90acd771d4f4b4f8a4c4d6e6f12a72bc') in 0.004156 seconds
  Import took 0.006066 seconds .

========================================================================
Received Import Request.
  Time since last request: 0.000100 seconds.
  path: Assets/Art/Characters/Jonne/Faces/jonneBlush.png
  artifactKey: Guid(86bdd452357aa914281f8a434fe03622) Importer(815301076,1909f56bfc062723c751e8b465ee728b)
Start importing Assets/Art/Characters/Jonne/Faces/jonneBlush.png using Guid(86bdd452357aa914281f8a434fe03622) Importer(815301076,1909f56bfc062723c751e8b465ee728b)  -> (artifact id: 'aaafaff1810212bb6ef0b5f5586ed949') in 0.003920 seconds
  Import took 0.005889 seconds .

========================================================================
Received Import Request.
  Time since last request: 2.114923 seconds.
  path: Assets/Art/Places/JonnesRoom.png
  artifactKey: Guid(9994ce13ddb9b4b4894e2474201eb3e0) Importer(815301076,1909f56bfc062723c751e8b465ee728b)
Start importing Assets/Art/Places/JonnesRoom.png using Guid(9994ce13ddb9b4b4894e2474201eb3e0) Importer(815301076,1909f56bfc062723c751e8b465ee728b)  -> (artifact id: 'bdfc5d7a5ae54392b69c7947304172f0') in 0.006676 seconds
  Import took 0.009227 seconds .

========================================================================
Received Import Request.
  Time since last request: 0.000107 seconds.
  path: Assets/Art/Places/Kitchen.png
  artifactKey: Guid(a6427332f3275ba489ffd10256683618) Importer(815301076,1909f56bfc062723c751e8b465ee728b)
Start importing Assets/Art/Places/Kitchen.png using Guid(a6427332f3275ba489ffd10256683618) Importer(815301076,1909f56bfc062723c751e8b465ee728b)  -> (artifact id: '9d19cae0233c929fd032597a953eb483') in 0.004700 seconds
  Import took 0.006912 seconds .

========================================================================
Received Import Request.
  Time since last request: 0.000123 seconds.
  path: Assets/Art/Places/KitchenWare.png
  artifactKey: Guid(c5ad5a1b99b39294d87f152791db3081) Importer(815301076,1909f56bfc062723c751e8b465ee728b)
Start importing Assets/Art/Places/KitchenWare.png using Guid(c5ad5a1b99b39294d87f152791db3081) Importer(815301076,1909f56bfc062723c751e8b465ee728b)  -> (artifact id: 'd0e4dad698002680a615412a99c1409a') in 0.004910 seconds
  Import took 0.007351 seconds .

========================================================================
Received Import Request.
  Time since last request: 51.782699 seconds.
  path: Assets/Art/Places/JonnesRoom.png
  artifactKey: Guid(9994ce13ddb9b4b4894e2474201eb3e0) Importer(815301076,1909f56bfc062723c751e8b465ee728b)
Start importing Assets/Art/Places/JonnesRoom.png using Guid(9994ce13ddb9b4b4894e2474201eb3e0) Importer(815301076,1909f56bfc062723c751e8b465ee728b)  -> (artifact id: '314fad750467c80abb9454ecebb1bd2c') in 0.007193 seconds
  Import took 0.009987 seconds .

========================================================================
Received Import Request.
  Time since last request: 5.688706 seconds.
  path: Assets/Art/Places/Kitchen.png
  artifactKey: Guid(a6427332f3275ba489ffd10256683618) Importer(815301076,1909f56bfc062723c751e8b465ee728b)
Start importing Assets/Art/Places/Kitchen.png using Guid(a6427332f3275ba489ffd10256683618) Importer(815301076,1909f56bfc062723c751e8b465ee728b)  -> (artifact id: '8c9848c166f0bc28057ae8d25b13e442') in 0.007247 seconds
  Import took 0.009955 seconds .

========================================================================
Received Import Request.
  Time since last request: 0.000108 seconds.
  path: Assets/Art/Places/KitchenWare.png
  artifactKey: Guid(c5ad5a1b99b39294d87f152791db3081) Importer(815301076,1909f56bfc062723c751e8b465ee728b)
Start importing Assets/Art/Places/KitchenWare.png using Guid(c5ad5a1b99b39294d87f152791db3081) Importer(815301076,1909f56bfc062723c751e8b465ee728b)  -> (artifact id: '43e682672186814ef8a895f4eed16477') in 0.004493 seconds
  Import took 0.006689 seconds .

========================================================================
Received Import Request.
  Time since last request: 5.242582 seconds.
  path: Assets/Art/Characters/Taina/tainaCurious.png
  artifactKey: Guid(928c110a31b86954cb8ee2b8560ce679) Importer(815301076,1909f56bfc062723c751e8b465ee728b)
Start importing Assets/Art/Characters/Taina/tainaCurious.png using Guid(928c110a31b86954cb8ee2b8560ce679) Importer(815301076,1909f56bfc062723c751e8b465ee728b)  -> (artifact id: 'e0561ad8a03d60293ecb3faa46340e4a') in 0.006607 seconds
  Import took 0.009413 seconds .

========================================================================
Received Import Request.
  Time since last request: 0.000125 seconds.
  path: Assets/Art/Characters/Taina/tainaNeutral.png
  artifactKey: Guid(d69673a28b52d9d40a9d3e083eb7ce82) Importer(815301076,1909f56bfc062723c751e8b465ee728b)
Start importing Assets/Art/Characters/Taina/tainaNeutral.png using Guid(d69673a28b52d9d40a9d3e083eb7ce82) Importer(815301076,1909f56bfc062723c751e8b465ee728b)  -> (artifact id: 'a8ef2cd7352b5fdb8742946a25b93c40') in 0.004113 seconds
  Import took 0.006491 seconds .

========================================================================
Received Import Request.
  Time since last request: 0.000091 seconds.
  path: Assets/Art/Characters/Taina/tainaElated.png
  artifactKey: Guid(40e687a1e304f454f86303f6a888a34b) Importer(815301076,1909f56bfc062723c751e8b465ee728b)
Start importing Assets/Art/Characters/Taina/tainaElated.png using Guid(40e687a1e304f454f86303f6a888a34b) Importer(815301076,1909f56bfc062723c751e8b465ee728b)  -> (artifact id: '2620650eeaa2e7f6241f3072dadc546d') in 0.003908 seconds
  Import took 0.005921 seconds .

========================================================================
Received Import Request.
  Time since last request: 0.000099 seconds.
  path: Assets/Art/Characters/Taina/tainaSus.png
  artifactKey: Guid(9091979f0fa05fb4eaeb6fe182b4c71d) Importer(815301076,1909f56bfc062723c751e8b465ee728b)
Start importing Assets/Art/Characters/Taina/tainaSus.png using Guid(9091979f0fa05fb4eaeb6fe182b4c71d) Importer(815301076,1909f56bfc062723c751e8b465ee728b)  -> (artifact id: '1b31de774db351ae4bd0eefaec4e877c') in 0.003882 seconds
  Import took 0.005831 seconds .

========================================================================
Received Import Request.
  Time since last request: 0.000113 seconds.
  path: Assets/Art/Characters/Taina/tainaSmile.png
  artifactKey: Guid(912028e1f1b24f94b8b505856c23c3d4) Importer(815301076,1909f56bfc062723c751e8b465ee728b)
Start importing Assets/Art/Characters/Taina/tainaSmile.png using Guid(912028e1f1b24f94b8b505856c23c3d4) Importer(815301076,1909f56bfc062723c751e8b465ee728b)  -> (artifact id: '03064a4225124f65f480ea485e968323') in 0.006132 seconds
  Import took 0.008244 seconds .

========================================================================
Received Import Request.
  Time since last request: 0.000106 seconds.
  path: Assets/Art/Characters/Taina/tainaStern.png
  artifactKey: Guid(abd58c8f1087c4d4488efa608ad52d1c) Importer(815301076,1909f56bfc062723c751e8b465ee728b)
Start importing Assets/Art/Characters/Taina/tainaStern.png using Guid(abd58c8f1087c4d4488efa608ad52d1c) Importer(815301076,1909f56bfc062723c751e8b465ee728b)  -> (artifact id: 'dcc1921af1d28c12bd1781e6682cf80c') in 0.004018 seconds
  Import took 0.006041 seconds .

========================================================================
Received Import Request.
  Time since last request: 0.000100 seconds.
  path: Assets/Art/Characters/Taina/tainaExcited.png
  artifactKey: Guid(29cb035752f74df489958cec8322605d) Importer(815301076,1909f56bfc062723c751e8b465ee728b)
Start importing Assets/Art/Characters/Taina/tainaExcited.png using Guid(29cb035752f74df489958cec8322605d) Importer(815301076,1909f56bfc062723c751e8b465ee728b)  -> (artifact id: '85c41f65870db63454672dd8e4595929') in 0.006830 seconds
  Import took 0.008944 seconds .

========================================================================
Received Import Request.
  Time since last request: 0.000111 seconds.
  path: Assets/Art/Characters/Taina/tainasit.png
  artifactKey: Guid(5be73d8ed2df46e488c8347b22f47d68) Importer(815301076,1909f56bfc062723c751e8b465ee728b)
Start importing Assets/Art/Characters/Taina/tainasit.png using Guid(5be73d8ed2df46e488c8347b22f47d68) Importer(815301076,1909f56bfc062723c751e8b465ee728b)  -> (artifact id: '131d0809a3b5014bdc968ecc06a5faf8') in 0.004656 seconds
  Import took 0.006724 seconds .

========================================================================
Received Import Request.
  Time since last request: 0.000095 seconds.
  path: Assets/Art/Characters/Taina/tainaWorried.png
  artifactKey: Guid(0f098a3503196684990f0c2be4252869) Importer(815301076,1909f56bfc062723c751e8b465ee728b)
Start importing Assets/Art/Characters/Taina/tainaWorried.png using Guid(0f098a3503196684990f0c2be4252869) Importer(815301076,1909f56bfc062723c751e8b465ee728b)  -> (artifact id: 'c65665238a8f9062bac53e09130b6a0a') in 0.004208 seconds
  Import took 0.006265 seconds .

========================================================================
Received Import Request.
  Time since last request: 4.377753 seconds.
  path: Assets/Art/Characters/Jonne/Faces/jonneAngry.png
  artifactKey: Guid(0efdcbb091dd35c41b706c76f15cd864) Importer(815301076,1909f56bfc062723c751e8b465ee728b)
Start importing Assets/Art/Characters/Jonne/Faces/jonneAngry.png using Guid(0efdcbb091dd35c41b706c76f15cd864) Importer(815301076,1909f56bfc062723c751e8b465ee728b)  -> (artifact id: 'dc6185a20f16e17df731740937a5a649') in 0.004356 seconds
  Import took 0.007007 seconds .

========================================================================
Received Import Request.
  Time since last request: 0.000101 seconds.
  path: Assets/Art/Characters/Jonne/Faces/jonneSurprised.png
  artifactKey: Guid(e58f6d0a64b8cda4f9edf0308ec5b736) Importer(815301076,1909f56bfc062723c751e8b465ee728b)
Start importing Assets/Art/Characters/Jonne/Faces/jonneSurprised.png using Guid(e58f6d0a64b8cda4f9edf0308ec5b736) Importer(815301076,1909f56bfc062723c751e8b465ee728b)  -> (artifact id: '97b27f6edc4e0401d4224ec7944eab7b') in 0.006259 seconds
  Import took 0.008567 seconds .

========================================================================
Received Import Request.
  Time since last request: 0.000107 seconds.
  path: Assets/Art/Characters/Jonne/Faces/jonneSmile.png
  artifactKey: Guid(4a70f4e027395b749a7f04f912c3828a) Importer(815301076,1909f56bfc062723c751e8b465ee728b)
Start importing Assets/Art/Characters/Jonne/Faces/jonneSmile.png using Guid(4a70f4e027395b749a7f04f912c3828a) Importer(815301076,1909f56bfc062723c751e8b465ee728b)  -> (artifact id: '208c3c084a64c2e36db9baa718d59ab6') in 0.004491 seconds
  Import took 0.006669 seconds .

========================================================================
Received Import Request.
  Time since last request: 0.000099 seconds.
  path: Assets/Art/Characters/Jonne/Faces/jonneNeutral.png
  artifactKey: Guid(90b2d23a27ea5af45beb731c4ba81a0d) Importer(815301076,1909f56bfc062723c751e8b465ee728b)
Start importing Assets/Art/Characters/Jonne/Faces/jonneNeutral.png using Guid(90b2d23a27ea5af45beb731c4ba81a0d) Importer(815301076,1909f56bfc062723c751e8b465ee728b)  -> (artifact id: '0c1005b9969584d4ffaac8c790adfe2f') in 0.003730 seconds
  Import took 0.005791 seconds .

========================================================================
Received Import Request.
  Time since last request: 0.000098 seconds.
  path: Assets/Art/Characters/Jonne/Faces/jonneSmug.png
  artifactKey: Guid(2e8c72292243bbd49b175fffece5f327) Importer(815301076,1909f56bfc062723c751e8b465ee728b)
Start importing Assets/Art/Characters/Jonne/Faces/jonneSmug.png using Guid(2e8c72292243bbd49b175fffece5f327) Importer(815301076,1909f56bfc062723c751e8b465ee728b)  -> (artifact id: 'fcb7c0396a517dfc919ea79666dbbe6b') in 0.005988 seconds
  Import took 0.008102 seconds .

========================================================================
Received Import Request.
  Time since last request: 0.000105 seconds.
  path: Assets/Art/Characters/Jonne/Faces/jonneSad.png
  artifactKey: Guid(83602726f0c550a4b8ca638902e657e2) Importer(815301076,1909f56bfc062723c751e8b465ee728b)
Start importing Assets/Art/Characters/Jonne/Faces/jonneSad.png using Guid(83602726f0c550a4b8ca638902e657e2) Importer(815301076,1909f56bfc062723c751e8b465ee728b)  -> (artifact id: '93fdc920c05f080b656110547184c5d9') in 0.003866 seconds
  Import took 0.005970 seconds .

========================================================================
Received Import Request.
  Time since last request: 0.000097 seconds.
  path: Assets/Art/Characters/Jonne/Faces/jonneSus.png
  artifactKey: Guid(993aaa58e1cbd474fb465e17a45ee67e) Importer(815301076,1909f56bfc062723c751e8b465ee728b)
Start importing Assets/Art/Characters/Jonne/Faces/jonneSus.png using Guid(993aaa58e1cbd474fb465e17a45ee67e) Importer(815301076,1909f56bfc062723c751e8b465ee728b)  -> (artifact id: '849cb5608aa68a0af6049c38e05a5088') in 0.004159 seconds
  Import took 0.006354 seconds .

========================================================================
Received Import Request.
  Time since last request: 0.000115 seconds.
  path: Assets/Art/Characters/Jonne/Faces/jonneBlush.png
  artifactKey: Guid(86bdd452357aa914281f8a434fe03622) Importer(815301076,1909f56bfc062723c751e8b465ee728b)
Start importing Assets/Art/Characters/Jonne/Faces/jonneBlush.png using Guid(86bdd452357aa914281f8a434fe03622) Importer(815301076,1909f56bfc062723c751e8b465ee728b)  -> (artifact id: '7d5b982bbe326c2f84d43b11d25a77a9') in 0.005956 seconds
  Import took 0.008133 seconds .

========================================================================
Received Prepare
Registering precompiled user dll's ...
Registered in 0.003003 seconds.
Begin MonoManager ReloadAssembly
Native extension for WindowsStandalone target not found
Refreshing native plugins compatible for Editor in 0.42 ms, found 3 plugins.
Preloading 0 native plugins for Editor in 0.00 ms.
Mono: successfully reloaded assembly
- Completed reload, in  0.608 seconds
Platform modules already initialized, skipping
Refreshing native plugins compatible for Editor in 0.40 ms, found 3 plugins.
Preloading 0 native plugins for Editor in 0.00 ms.
Unloading 2200 Unused Serialized files (Serialized files now loaded: 0)
System memory in use before: 100.4 MB.
System memory in use after: 100.4 MB.

Unloading 21 unused Assets to reduce memory usage. Loaded Objects now: 2672.
Total: 1.899200 ms (FindLiveObjects: 0.174500 ms CreateObjectMapping: 0.059700 ms MarkObjects: 1.598000 ms  DeleteObjects: 0.066300 ms)

========================================================================
Received Prepare
Registering precompiled user dll's ...
Registered in 0.002883 seconds.
Begin MonoManager ReloadAssembly
Native extension for WindowsStandalone target not found
Refreshing native plugins compatible for Editor in 0.44 ms, found 3 plugins.
Preloading 0 native plugins for Editor in 0.00 ms.
Mono: successfully reloaded assembly
- Completed reload, in  0.613 seconds
Platform modules already initialized, skipping
Refreshing native plugins compatible for Editor in 0.42 ms, found 3 plugins.
Preloading 0 native plugins for Editor in 0.00 ms.
Unloading 2200 Unused Serialized files (Serialized files now loaded: 0)
System memory in use before: 100.4 MB.
System memory in use after: 100.4 MB.

Unloading 21 unused Assets to reduce memory usage. Loaded Objects now: 2676.
Total: 1.717200 ms (FindLiveObjects: 0.162400 ms CreateObjectMapping: 0.042700 ms MarkObjects: 1.432400 ms  DeleteObjects: 0.078900 ms)

========================================================================
Received Import Request.
  Time since last request: 226.579399 seconds.
  path: Assets/Art/Places/JonnesRoom.png
  artifactKey: Guid(9994ce13ddb9b4b4894e2474201eb3e0) Importer(815301076,1909f56bfc062723c751e8b465ee728b)
Start importing Assets/Art/Places/JonnesRoom.png using Guid(9994ce13ddb9b4b4894e2474201eb3e0) Importer(815301076,1909f56bfc062723c751e8b465ee728b)  -> (artifact id: '9547512a1075cb7f9c4e33f6a125d4ca') in 0.032560 seconds
  Import took 0.035332 seconds .

========================================================================
Received Import Request.
  Time since last request: 5.935759 seconds.
  path: Assets/Art/Places/JonnesRoom.png
  artifactKey: Guid(9994ce13ddb9b4b4894e2474201eb3e0) Importer(815301076,1909f56bfc062723c751e8b465ee728b)
Start importing Assets/Art/Places/JonnesRoom.png using Guid(9994ce13ddb9b4b4894e2474201eb3e0) Importer(815301076,1909f56bfc062723c751e8b465ee728b)  -> (artifact id: '7d936a204609ae3d6893674ef1679b13') in 0.006815 seconds
  Import took 0.009553 seconds .

========================================================================
Received Import Request.
  Time since last request: 9.036936 seconds.
  path: Assets/Art/Places/JonnesRoom.png
  artifactKey: Guid(9994ce13ddb9b4b4894e2474201eb3e0) Importer(815301076,1909f56bfc062723c751e8b465ee728b)
Start importing Assets/Art/Places/JonnesRoom.png using Guid(9994ce13ddb9b4b4894e2474201eb3e0) Importer(815301076,1909f56bfc062723c751e8b465ee728b)  -> (artifact id: '9f64abcdb1b9df65fb47d84afd993d27') in 0.004767 seconds
  Import took 0.007245 seconds .

========================================================================
Received Import Request.
  Time since last request: 11.632577 seconds.
  path: Assets/Art/Places/JonnesRoom.png
  artifactKey: Guid(9994ce13ddb9b4b4894e2474201eb3e0) Importer(815301076,1909f56bfc062723c751e8b465ee728b)
Start importing Assets/Art/Places/JonnesRoom.png using Guid(9994ce13ddb9b4b4894e2474201eb3e0) Importer(815301076,1909f56bfc062723c751e8b465ee728b)  -> (artifact id: '177baeb02e6a49b98214783fb791e00b') in 0.007028 seconds
  Import took 0.009661 seconds .

========================================================================
Received Import Request.
  Time since last request: 0.001852 seconds.
  path: Assets/Art/Places/JonnesRoom.png
  artifactKey: Guid(9994ce13ddb9b4b4894e2474201eb3e0) Importer(815301076,1909f56bfc062723c751e8b465ee728b)
Start importing Assets/Art/Places/JonnesRoom.png using Guid(9994ce13ddb9b4b4894e2474201eb3e0) Importer(815301076,1909f56bfc062723c751e8b465ee728b)  -> (artifact id: '177baeb02e6a49b98214783fb791e00b') in 0.004790 seconds
  Import took 0.007091 seconds .

========================================================================
Received Import Request.
  Time since last request: 5.112186 seconds.
  path: Assets/Art/Places/JonnesRoom.png
  artifactKey: Guid(9994ce13ddb9b4b4894e2474201eb3e0) Importer(815301076,1909f56bfc062723c751e8b465ee728b)
Start importing Assets/Art/Places/JonnesRoom.png using Guid(9994ce13ddb9b4b4894e2474201eb3e0) Importer(815301076,1909f56bfc062723c751e8b465ee728b)  -> (artifact id: 'c090eb4a1a230a40bdb428b1da64a877') in 0.005165 seconds
  Import took 0.007911 seconds .

========================================================================
Received Import Request.
  Time since last request: 6.624655 seconds.
  path: Assets/Art/Places/Kitchen.png
  artifactKey: Guid(a6427332f3275ba489ffd10256683618) Importer(815301076,1909f56bfc062723c751e8b465ee728b)
Start importing Assets/Art/Places/Kitchen.png using Guid(a6427332f3275ba489ffd10256683618) Importer(815301076,1909f56bfc062723c751e8b465ee728b)  -> (artifact id: '3029a7033a7d9f351750ba5a2491b662') in 0.004841 seconds
  Import took 0.007421 seconds .

========================================================================
Received Import Request.
  Time since last request: 0.000103 seconds.
  path: Assets/Art/Places/KitchenWare.png
  artifactKey: Guid(c5ad5a1b99b39294d87f152791db3081) Importer(815301076,1909f56bfc062723c751e8b465ee728b)
Start importing Assets/Art/Places/KitchenWare.png using Guid(c5ad5a1b99b39294d87f152791db3081) Importer(815301076,1909f56bfc062723c751e8b465ee728b)  -> (artifact id: '6ce217d03b83a587059d9287dae8af71') in 0.004505 seconds
  Import took 0.006665 seconds .

========================================================================
Received Import Request.
  Time since last request: 6.438250 seconds.
  path: Assets/Art/Characters/Taina/tainaCurious.png
  artifactKey: Guid(928c110a31b86954cb8ee2b8560ce679) Importer(815301076,1909f56bfc062723c751e8b465ee728b)
Start importing Assets/Art/Characters/Taina/tainaCurious.png using Guid(928c110a31b86954cb8ee2b8560ce679) Importer(815301076,1909f56bfc062723c751e8b465ee728b)  -> (artifact id: 'c0b0b3eea52386cfa1f48bdb1ce1be75') in 0.007499 seconds
  Import took 0.010431 seconds .

========================================================================
Received Import Request.
  Time since last request: 0.000117 seconds.
  path: Assets/Art/Characters/Taina/tainaNeutral.png
  artifactKey: Guid(d69673a28b52d9d40a9d3e083eb7ce82) Importer(815301076,1909f56bfc062723c751e8b465ee728b)
Start importing Assets/Art/Characters/Taina/tainaNeutral.png using Guid(d69673a28b52d9d40a9d3e083eb7ce82) Importer(815301076,1909f56bfc062723c751e8b465ee728b)  -> (artifact id: '41f1c881ef3e139815008694731ca835') in 0.005845 seconds
  Import took 0.008148 seconds .

========================================================================
Received Import Request.
  Time since last request: 0.000108 seconds.
  path: Assets/Art/Characters/Taina/tainaElated.png
  artifactKey: Guid(40e687a1e304f454f86303f6a888a34b) Importer(815301076,1909f56bfc062723c751e8b465ee728b)
Start importing Assets/Art/Characters/Taina/tainaElated.png using Guid(40e687a1e304f454f86303f6a888a34b) Importer(815301076,1909f56bfc062723c751e8b465ee728b)  -> (artifact id: '448e98979ee550266728c61e98438b95') in 0.005531 seconds
  Import took 0.007660 seconds .

========================================================================
Received Import Request.
  Time since last request: 0.000103 seconds.
  path: Assets/Art/Characters/Taina/tainaSus.png
  artifactKey: Guid(9091979f0fa05fb4eaeb6fe182b4c71d) Importer(815301076,1909f56bfc062723c751e8b465ee728b)
Start importing Assets/Art/Characters/Taina/tainaSus.png using Guid(9091979f0fa05fb4eaeb6fe182b4c71d) Importer(815301076,1909f56bfc062723c751e8b465ee728b)  -> (artifact id: 'aa2bafd57d08d7006612537230def13e') in 0.006363 seconds
  Import took 0.008519 seconds .

========================================================================
Received Import Request.
  Time since last request: 0.000108 seconds.
  path: Assets/Art/Characters/Taina/tainaSmile.png
  artifactKey: Guid(912028e1f1b24f94b8b505856c23c3d4) Importer(815301076,1909f56bfc062723c751e8b465ee728b)
Start importing Assets/Art/Characters/Taina/tainaSmile.png using Guid(912028e1f1b24f94b8b505856c23c3d4) Importer(815301076,1909f56bfc062723c751e8b465ee728b)  -> (artifact id: 'ef34a4ba31095715f02963a0b9276de5') in 0.005979 seconds
  Import took 0.008224 seconds .

========================================================================
Received Import Request.
  Time since last request: 0.000112 seconds.
  path: Assets/Art/Characters/Taina/tainaStern.png
  artifactKey: Guid(abd58c8f1087c4d4488efa608ad52d1c) Importer(815301076,1909f56bfc062723c751e8b465ee728b)
Start importing Assets/Art/Characters/Taina/tainaStern.png using Guid(abd58c8f1087c4d4488efa608ad52d1c) Importer(815301076,1909f56bfc062723c751e8b465ee728b)  -> (artifact id: '6a2265d4cbad503fd06d42e28650816d') in 0.006146 seconds
  Import took 0.008420 seconds .

========================================================================
Received Import Request.
  Time since last request: 0.000175 seconds.
  path: Assets/Art/Characters/Taina/tainaExcited.png
  artifactKey: Guid(29cb035752f74df489958cec8322605d) Importer(815301076,1909f56bfc062723c751e8b465ee728b)
Start importing Assets/Art/Characters/Taina/tainaExcited.png using Guid(29cb035752f74df489958cec8322605d) Importer(815301076,1909f56bfc062723c751e8b465ee728b)  -> (artifact id: 'e8a0b3488c1fda9148a5d02c8429b36c') in 0.007042 seconds
  Import took 0.009366 seconds .

========================================================================
Received Import Request.
  Time since last request: 0.000114 seconds.
  path: Assets/Art/Characters/Taina/tainasit.png
  artifactKey: Guid(5be73d8ed2df46e488c8347b22f47d68) Importer(815301076,1909f56bfc062723c751e8b465ee728b)
Start importing Assets/Art/Characters/Taina/tainasit.png using Guid(5be73d8ed2df46e488c8347b22f47d68) Importer(815301076,1909f56bfc062723c751e8b465ee728b)  -> (artifact id: '7ac820474c967d2f571fee02539c50bf') in 0.006354 seconds
  Import took 0.008664 seconds .

========================================================================
Received Import Request.
  Time since last request: 0.000101 seconds.
  path: Assets/Art/Characters/Taina/tainaWorried.png
  artifactKey: Guid(0f098a3503196684990f0c2be4252869) Importer(815301076,1909f56bfc062723c751e8b465ee728b)
Start importing Assets/Art/Characters/Taina/tainaWorried.png using Guid(0f098a3503196684990f0c2be4252869) Importer(815301076,1909f56bfc062723c751e8b465ee728b)  -> (artifact id: '88b2d0deaa568557471416062ce15f17') in 0.005656 seconds
  Import took 0.007770 seconds .

========================================================================
Received Import Request.
  Time since last request: 6.625483 seconds.
  path: Assets/Art/Characters/Jonne/Sit (64x64).png
  artifactKey: Guid(38cd5cc68e3896d4abcb4fee08aa5203) Importer(815301076,1909f56bfc062723c751e8b465ee728b)
Start importing Assets/Art/Characters/Jonne/Sit (64x64).png using Guid(38cd5cc68e3896d4abcb4fee08aa5203) Importer(815301076,1909f56bfc062723c751e8b465ee728b)  -> (artifact id: '482732df48a71c7b67dbd11c84bce6bf') in 0.007166 seconds
  Import took 0.009791 seconds .

========================================================================
Received Import Request.
  Time since last request: 6.099915 seconds.
  path: Assets/Art/Characters/Jonne/Faces/jonneAngry.png
  artifactKey: Guid(0efdcbb091dd35c41b706c76f15cd864) Importer(815301076,1909f56bfc062723c751e8b465ee728b)
Start importing Assets/Art/Characters/Jonne/Faces/jonneAngry.png using Guid(0efdcbb091dd35c41b706c76f15cd864) Importer(815301076,1909f56bfc062723c751e8b465ee728b)  -> (artifact id: '60ea4badfb7046f34fb685750b215b24') in 0.007061 seconds
  Import took 0.010004 seconds .

========================================================================
Received Import Request.
  Time since last request: 0.000105 seconds.
  path: Assets/Art/Characters/Jonne/Faces/jonneSurprised.png
  artifactKey: Guid(e58f6d0a64b8cda4f9edf0308ec5b736) Importer(815301076,1909f56bfc062723c751e8b465ee728b)
Start importing Assets/Art/Characters/Jonne/Faces/jonneSurprised.png using Guid(e58f6d0a64b8cda4f9edf0308ec5b736) Importer(815301076,1909f56bfc062723c751e8b465ee728b)  -> (artifact id: '375a4e6b50e5fc3de669284469b96046') in 0.005782 seconds
  Import took 0.007863 seconds .

========================================================================
Received Import Request.
  Time since last request: 0.000100 seconds.
  path: Assets/Art/Characters/Jonne/Faces/jonneSmile.png
  artifactKey: Guid(4a70f4e027395b749a7f04f912c3828a) Importer(815301076,1909f56bfc062723c751e8b465ee728b)
Start importing Assets/Art/Characters/Jonne/Faces/jonneSmile.png using Guid(4a70f4e027395b749a7f04f912c3828a) Importer(815301076,1909f56bfc062723c751e8b465ee728b)  -> (artifact id: 'd261b6e4f7bad3699632f003081c6813') in 0.005522 seconds
  Import took 0.007571 seconds .

========================================================================
Received Import Request.
  Time since last request: 0.000107 seconds.
  path: Assets/Art/Characters/Jonne/Faces/jonneNeutral.png
  artifactKey: Guid(90b2d23a27ea5af45beb731c4ba81a0d) Importer(815301076,1909f56bfc062723c751e8b465ee728b)
Start importing Assets/Art/Characters/Jonne/Faces/jonneNeutral.png using Guid(90b2d23a27ea5af45beb731c4ba81a0d) Importer(815301076,1909f56bfc062723c751e8b465ee728b)  -> (artifact id: '8b4318937629a5466f2591c7be855d6c') in 0.005475 seconds
  Import took 0.007476 seconds .

========================================================================
Received Import Request.
  Time since last request: 0.000103 seconds.
  path: Assets/Art/Characters/Jonne/Faces/jonneSmug.png
  artifactKey: Guid(2e8c72292243bbd49b175fffece5f327) Importer(815301076,1909f56bfc062723c751e8b465ee728b)
Start importing Assets/Art/Characters/Jonne/Faces/jonneSmug.png using Guid(2e8c72292243bbd49b175fffece5f327) Importer(815301076,1909f56bfc062723c751e8b465ee728b)  -> (artifact id: 'df9d449204b31071a04563bee0a26dc5') in 0.006806 seconds
  Import took 0.008885 seconds .

========================================================================
Received Import Request.
  Time since last request: 0.000106 seconds.
  path: Assets/Art/Characters/Jonne/Faces/jonneSad.png
  artifactKey: Guid(83602726f0c550a4b8ca638902e657e2) Importer(815301076,1909f56bfc062723c751e8b465ee728b)
Start importing Assets/Art/Characters/Jonne/Faces/jonneSad.png using Guid(83602726f0c550a4b8ca638902e657e2) Importer(815301076,1909f56bfc062723c751e8b465ee728b)  -> (artifact id: '7be4e6e503ff2c6136435c8dd1ccefdc') in 0.005430 seconds
  Import took 0.007627 seconds .

========================================================================
Received Import Request.
  Time since last request: 0.000096 seconds.
  path: Assets/Art/Characters/Jonne/Faces/jonneSus.png
  artifactKey: Guid(993aaa58e1cbd474fb465e17a45ee67e) Importer(815301076,1909f56bfc062723c751e8b465ee728b)
Start importing Assets/Art/Characters/Jonne/Faces/jonneSus.png using Guid(993aaa58e1cbd474fb465e17a45ee67e) Importer(815301076,1909f56bfc062723c751e8b465ee728b)  -> (artifact id: 'e07611e08d69b8a640367f2a926ad1f8') in 0.005906 seconds
  Import took 0.008045 seconds .

========================================================================
Received Import Request.
  Time since last request: 0.000103 seconds.
  path: Assets/Art/Characters/Jonne/Faces/jonneBlush.png
  artifactKey: Guid(86bdd452357aa914281f8a434fe03622) Importer(815301076,1909f56bfc062723c751e8b465ee728b)
Start importing Assets/Art/Characters/Jonne/Faces/jonneBlush.png using Guid(86bdd452357aa914281f8a434fe03622) Importer(815301076,1909f56bfc062723c751e8b465ee728b)  -> (artifact id: 'afc455d54f1333c45b1bf1584f93a41a') in 0.006192 seconds
  Import took 0.008443 seconds .

========================================================================
Received Import Request.
  Time since last request: 307.048402 seconds.
  path: Assets/Art/Door.png
  artifactKey: Guid(1b4524336d93c194eba547d056d9aff0) Importer(815301076,1909f56bfc062723c751e8b465ee728b)
Start importing Assets/Art/Door.png using Guid(1b4524336d93c194eba547d056d9aff0) Importer(815301076,1909f56bfc062723c751e8b465ee728b)  -> (artifact id: 'e135006767f8e086e85388704646a805') in 0.008881 seconds
  Import took 0.011706 seconds .

========================================================================
Received Prepare
Registering precompiled user dll's ...
Registered in 0.003027 seconds.
Begin MonoManager ReloadAssembly
Native extension for WindowsStandalone target not found
Refreshing native plugins compatible for Editor in 0.42 ms, found 3 plugins.
Preloading 0 native plugins for Editor in 0.00 ms.
Mono: successfully reloaded assembly
- Completed reload, in  0.626 seconds
Platform modules already initialized, skipping
Refreshing native plugins compatible for Editor in 0.39 ms, found 3 plugins.
Preloading 0 native plugins for Editor in 0.00 ms.
Unloading 2200 Unused Serialized files (Serialized files now loaded: 0)
System memory in use before: 100.5 MB.
System memory in use after: 100.5 MB.

Unloading 21 unused Assets to reduce memory usage. Loaded Objects now: 2683.
Total: 1.840900 ms (FindLiveObjects: 0.174600 ms CreateObjectMapping: 0.061800 ms MarkObjects: 1.536800 ms  DeleteObjects: 0.067100 ms)

========================================================================
Received Prepare
Registering precompiled user dll's ...
Registered in 0.002948 seconds.
Begin MonoManager ReloadAssembly
Native extension for WindowsStandalone target not found
Refreshing native plugins compatible for Editor in 0.43 ms, found 3 plugins.
Preloading 0 native plugins for Editor in 0.00 ms.
Mono: successfully reloaded assembly
- Completed reload, in  0.607 seconds
Platform modules already initialized, skipping
Refreshing native plugins compatible for Editor in 0.40 ms, found 3 plugins.
Preloading 0 native plugins for Editor in 0.00 ms.
Unloading 2200 Unused Serialized files (Serialized files now loaded: 0)
System memory in use before: 100.5 MB.
System memory in use after: 100.5 MB.

Unloading 21 unused Assets to reduce memory usage. Loaded Objects now: 2687.
Total: 1.911100 ms (FindLiveObjects: 0.193000 ms CreateObjectMapping: 0.068200 ms MarkObjects: 1.574200 ms  DeleteObjects: 0.075000 ms)

========================================================================
Received Prepare
Registering precompiled user dll's ...
Registered in 0.003723 seconds.
Begin MonoManager ReloadAssembly
Native extension for WindowsStandalone target not found
Refreshing native plugins compatible for Editor in 0.43 ms, found 3 plugins.
Preloading 0 native plugins for Editor in 0.00 ms.
Mono: successfully reloaded assembly
- Completed reload, in  0.603 seconds
Platform modules already initialized, skipping
Refreshing native plugins compatible for Editor in 0.43 ms, found 3 plugins.
Preloading 0 native plugins for Editor in 0.00 ms.
Unloading 2200 Unused Serialized files (Serialized files now loaded: 0)
System memory in use before: 100.5 MB.
System memory in use after: 100.5 MB.

Unloading 21 unused Assets to reduce memory usage. Loaded Objects now: 2691.
Total: 1.833700 ms (FindLiveObjects: 0.163600 ms CreateObjectMapping: 0.058300 ms MarkObjects: 1.536200 ms  DeleteObjects: 0.074800 ms)

========================================================================
Received Prepare
Registering precompiled user dll's ...
Registered in 0.003030 seconds.
Begin MonoManager ReloadAssembly
Native extension for WindowsStandalone target not found
Refreshing native plugins compatible for Editor in 0.42 ms, found 3 plugins.
Preloading 0 native plugins for Editor in 0.00 ms.
Mono: successfully reloaded assembly
- Completed reload, in  0.611 seconds
Platform modules already initialized, skipping
Refreshing native plugins compatible for Editor in 0.38 ms, found 3 plugins.
Preloading 0 native plugins for Editor in 0.00 ms.
Unloading 2200 Unused Serialized files (Serialized files now loaded: 0)
System memory in use before: 100.6 MB.
System memory in use after: 100.6 MB.

Unloading 21 unused Assets to reduce memory usage. Loaded Objects now: 2695.
Total: 1.798100 ms (FindLiveObjects: 0.144400 ms CreateObjectMapping: 0.052100 ms MarkObjects: 1.526300 ms  DeleteObjects: 0.074700 ms)

========================================================================
Received Import Request.
  Time since last request: 642.896625 seconds.
  path: Assets/Art/Door.png
  artifactKey: Guid(1b4524336d93c194eba547d056d9aff0) Importer(815301076,1909f56bfc062723c751e8b465ee728b)
Start importing Assets/Art/Door.png using Guid(1b4524336d93c194eba547d056d9aff0) Importer(815301076,1909f56bfc062723c751e8b465ee728b)  -> (artifact id: 'c160a333323c3150c3025839aa762632') in 0.033520 seconds
  Import took 0.036363 seconds .

========================================================================
Received Import Request.
  Time since last request: 5.428406 seconds.
  path: Assets/Art/Door.png
  artifactKey: Guid(1b4524336d93c194eba547d056d9aff0) Importer(815301076,1909f56bfc062723c751e8b465ee728b)
Start importing Assets/Art/Door.png using Guid(1b4524336d93c194eba547d056d9aff0) Importer(815301076,1909f56bfc062723c751e8b465ee728b)  -> (artifact id: '88ad671761dec00af90bfc848c81e195') in 0.005318 seconds
  Import took 0.008000 seconds .

========================================================================
Received Import Request.
  Time since last request: 0.003547 seconds.
  path: Assets/Art/Door.png
  artifactKey: Guid(1b4524336d93c194eba547d056d9aff0) Importer(815301076,1909f56bfc062723c751e8b465ee728b)
Start importing Assets/Art/Door.png using Guid(1b4524336d93c194eba547d056d9aff0) Importer(815301076,1909f56bfc062723c751e8b465ee728b)  -> (artifact id: '88ad671761dec00af90bfc848c81e195') in 0.004807 seconds
  Import took 0.007290 seconds .

========================================================================
Received Prepare
Registering precompiled user dll's ...
Registered in 0.003055 seconds.
Begin MonoManager ReloadAssembly
Native extension for WindowsStandalone target not found
Refreshing native plugins compatible for Editor in 0.43 ms, found 3 plugins.
Preloading 0 native plugins for Editor in 0.00 ms.
Mono: successfully reloaded assembly
- Completed reload, in  0.619 seconds
Platform modules already initialized, skipping
Refreshing native plugins compatible for Editor in 0.38 ms, found 3 plugins.
Preloading 0 native plugins for Editor in 0.00 ms.
Unloading 2200 Unused Serialized files (Serialized files now loaded: 0)
System memory in use before: 100.6 MB.
System memory in use after: 100.6 MB.

Unloading 21 unused Assets to reduce memory usage. Loaded Objects now: 2700.
Total: 1.827700 ms (FindLiveObjects: 0.161600 ms CreateObjectMapping: 0.051400 ms MarkObjects: 1.547000 ms  DeleteObjects: 0.066800 ms)

========================================================================
Received Import Request.
  Time since last request: 1020.275362 seconds.
  path: Assets/Scenes/TestScene.unity
  artifactKey: Guid(f7d4fbfd6a9570c47ab6812d3403f922) Importer(815301076,1909f56bfc062723c751e8b465ee728b)
Start importing Assets/Scenes/TestScene.unity using Guid(f7d4fbfd6a9570c47ab6812d3403f922) Importer(815301076,1909f56bfc062723c751e8b465ee728b)  -> (artifact id: '4405549b144366e23e7557e77238980f') in 0.011948 seconds
  Import took 0.014551 seconds .

========================================================================
Received Import Request.
  Time since last request: 10.097731 seconds.
  path: Assets/Scenes/JonneRoomStart.unity
  artifactKey: Guid(f7d4fbfd6a9570c47ab6812d3403f922) Importer(815301076,1909f56bfc062723c751e8b465ee728b)
Start importing Assets/Scenes/JonneRoomStart.unity using Guid(f7d4fbfd6a9570c47ab6812d3403f922) Importer(815301076,1909f56bfc062723c751e8b465ee728b)  -> (artifact id: '747d22932c580d284ee9ceef234e25d4') in 0.004828 seconds
  Import took 0.007492 seconds .

========================================================================
Received Import Request.
  Time since last request: 131.773413 seconds.
  path: Assets/Scenes/JonneRoomStart 1.unity
  artifactKey: Guid(8f51a4bbaa229154caeb93cb08a679fe) Importer(815301076,1909f56bfc062723c751e8b465ee728b)
Start importing Assets/Scenes/JonneRoomStart 1.unity using Guid(8f51a4bbaa229154caeb93cb08a679fe) Importer(815301076,1909f56bfc062723c751e8b465ee728b)  -> (artifact id: 'ddcb3e4075e7a9e2fb47a544a112856a') in 0.004536 seconds
  Import took 0.007463 seconds .

========================================================================
Received Import Request.
  Time since last request: 18.346525 seconds.
  path: Assets/Scenes/Kitchen.unity
  artifactKey: Guid(f7d4fbfd6a9570c47ab6812d3403f922) Importer(815301076,1909f56bfc062723c751e8b465ee728b)
Start importing Assets/Scenes/Kitchen.unity using Guid(f7d4fbfd6a9570c47ab6812d3403f922) Importer(815301076,1909f56bfc062723c751e8b465ee728b)  -> (artifact id: 'd34774a4323c612174a4812a384d4c54') in 0.004776 seconds
  Import took 0.007593 seconds .

========================================================================
Received Import Request.
  Time since last request: 15.201793 seconds.
  path: Assets/Scenes/Kitchen.unity
  artifactKey: Guid(f7d4fbfd6a9570c47ab6812d3403f922) Importer(815301076,1909f56bfc062723c751e8b465ee728b)
Start importing Assets/Scenes/Kitchen.unity using Guid(f7d4fbfd6a9570c47ab6812d3403f922) Importer(815301076,1909f56bfc062723c751e8b465ee728b)  -> (artifact id: '06d1029319a833d4e60fae92f37f4f91') in 0.001973 seconds
  Import took 0.004607 seconds .

========================================================================
Received Import Request.
  Time since last request: 980.784030 seconds.
  path: Assets/Scenes/JonneRoomStart 1.unity
  artifactKey: Guid(8f51a4bbaa229154caeb93cb08a679fe) Importer(815301076,1909f56bfc062723c751e8b465ee728b)
Start importing Assets/Scenes/JonneRoomStart 1.unity using Guid(8f51a4bbaa229154caeb93cb08a679fe) Importer(815301076,1909f56bfc062723c751e8b465ee728b)  -> (artifact id: '421a3f47662acb3022a44c65378537fa') in 0.002024 seconds
  Import took 0.004953 seconds .

========================================================================
Received Import Request.
  Time since last request: 3.421321 seconds.
  path: Assets/Scenes/Kitchen.unity
  artifactKey: Guid(f7d4fbfd6a9570c47ab6812d3403f922) Importer(815301076,1909f56bfc062723c751e8b465ee728b)
Start importing Assets/Scenes/Kitchen.unity using Guid(f7d4fbfd6a9570c47ab6812d3403f922) Importer(815301076,1909f56bfc062723c751e8b465ee728b)  -> (artifact id: '3d4cd867581a2182d47cf591725325f6') in 0.002034 seconds
  Import took 0.004711 seconds .

========================================================================
Received Import Request.
  Time since last request: 337.473413 seconds.
  path: Assets/Timelines/cutscene.playable
  artifactKey: Guid(0782dc33168e09d488cacb0c070dc5ea) Importer(815301076,1909f56bfc062723c751e8b465ee728b)
Start importing Assets/Timelines/cutscene.playable using Guid(0782dc33168e09d488cacb0c070dc5ea) Importer(815301076,1909f56bfc062723c751e8b465ee728b)  -> (artifact id: '393ec08e91d9e5c3bccd0a85dad10459') in 0.030758 seconds
  Import took 0.033596 seconds .

========================================================================
Received Import Request.
  Time since last request: 0.033970 seconds.
  path: Assets/Timelines/cutscene.playable
  artifactKey: Guid(0782dc33168e09d488cacb0c070dc5ea) Importer(815301076,1909f56bfc062723c751e8b465ee728b)
Start importing Assets/Timelines/cutscene.playable using Guid(0782dc33168e09d488cacb0c070dc5ea) Importer(815301076,1909f56bfc062723c751e8b465ee728b)  -> (artifact id: '393ec08e91d9e5c3bccd0a85dad10459') in 0.003214 seconds
  Import took 0.005733 seconds .

========================================================================
Received Import Request.
  Time since last request: 11.969810 seconds.
  path: Assets/Animations/Player_Idle.anim
  artifactKey: Guid(2455c3d100c82de42b856bff5839f9f0) Importer(815301076,1909f56bfc062723c751e8b465ee728b)
Start importing Assets/Animations/Player_Idle.anim using Guid(2455c3d100c82de42b856bff5839f9f0) Importer(815301076,1909f56bfc062723c751e8b465ee728b)  -> (artifact id: '344aac35530346bc83984fd964f5cd7c') in 0.022567 seconds
  Import took 0.025466 seconds .

========================================================================
Received Import Request.
  Time since last request: 0.869467 seconds.
  path: Assets/Animations/Player_Walk.anim
  artifactKey: Guid(d697e56b695e0784bb241313cfffbea9) Importer(815301076,1909f56bfc062723c751e8b465ee728b)
Start importing Assets/Animations/Player_Walk.anim using Guid(d697e56b695e0784bb241313cfffbea9) Importer(815301076,1909f56bfc062723c751e8b465ee728b)  -> (artifact id: 'a8b70efb59bda1524926930d3dc8c5b8') in 0.017622 seconds
  Import took 0.020263 seconds .

========================================================================
Received Import Request.
  Time since last request: 58.415108 seconds.
  path: Assets/Animations/Player_Sit.anim
  artifactKey: Guid(cc8f5e9a403708c4e80a0d830a757a73) Importer(815301076,1909f56bfc062723c751e8b465ee728b)
Start importing Assets/Animations/Player_Sit.anim using Guid(cc8f5e9a403708c4e80a0d830a757a73) Importer(815301076,1909f56bfc062723c751e8b465ee728b)  -> (artifact id: 'ed5c3e2412b97c484ce3c200195d3524') in 0.005731 seconds
  Import took 0.008478 seconds .

========================================================================
Received Import Request.
  Time since last request: 0.000176 seconds.
  path: Assets/Animations/Player_Sit.anim
  artifactKey: Guid(cc8f5e9a403708c4e80a0d830a757a73) Importer(815301076,1909f56bfc062723c751e8b465ee728b)
Start importing Assets/Animations/Player_Sit.anim using Guid(cc8f5e9a403708c4e80a0d830a757a73) Importer(815301076,1909f56bfc062723c751e8b465ee728b)  -> (artifact id: 'ed5c3e2412b97c484ce3c200195d3524') in 0.001888 seconds
  Import took 0.003663 seconds .

========================================================================
Received Import Request.
  Time since last request: 125.556484 seconds.
  path: Assets/Art/Characters/Jonne/Sit (64x64).png
  artifactKey: Guid(38cd5cc68e3896d4abcb4fee08aa5203) Importer(815301076,1909f56bfc062723c751e8b465ee728b)
Start importing Assets/Art/Characters/Jonne/Sit (64x64).png using Guid(38cd5cc68e3896d4abcb4fee08aa5203) Importer(815301076,1909f56bfc062723c751e8b465ee728b)  -> (artifact id: 'c1b085a864d0f760d00f431a0e561536') in 0.017303 seconds
  Import took 0.020373 seconds .

========================================================================
Received Import Request.
  Time since last request: 23.470800 seconds.
  path: Assets/Art/Characters/Jonne/Sit (64x64).png
  artifactKey: Guid(38cd5cc68e3896d4abcb4fee08aa5203) Importer(815301076,1909f56bfc062723c751e8b465ee728b)
Start importing Assets/Art/Characters/Jonne/Sit (64x64).png using Guid(38cd5cc68e3896d4abcb4fee08aa5203) Importer(815301076,1909f56bfc062723c751e8b465ee728b)  -> (artifact id: 'cbcacb8cc76a3ba58baae7b111d75fb7') in 0.026065 seconds
  Import took 0.028762 seconds .

========================================================================
Received Import Request.
  Time since last request: 492.951816 seconds.
  path: Assets/Art/Characters/Jonne/Sit (64x64).png
  artifactKey: Guid(38cd5cc68e3896d4abcb4fee08aa5203) Importer(815301076,1909f56bfc062723c751e8b465ee728b)
Start importing Assets/Art/Characters/Jonne/Sit (64x64).png using Guid(38cd5cc68e3896d4abcb4fee08aa5203) Importer(815301076,1909f56bfc062723c751e8b465ee728b)  -> (artifact id: '657b3494e10b00ac88d19bffdab8fc9d') in 0.011658 seconds
  Import took 0.014459 seconds .

========================================================================
Received Import Request.
  Time since last request: 77.288076 seconds.
  path: Assets/Animations/Player_Sit.anim
  artifactKey: Guid(cc8f5e9a403708c4e80a0d830a757a73) Importer(815301076,1909f56bfc062723c751e8b465ee728b)
Start importing Assets/Animations/Player_Sit.anim using Guid(cc8f5e9a403708c4e80a0d830a757a73) Importer(815301076,1909f56bfc062723c751e8b465ee728b)  -> (artifact id: '67bf93b3971fa89f6cfad65a73252c51') in 0.002111 seconds
  Import took 0.005036 seconds .

========================================================================
Received Import Request.
  Time since last request: 69.411661 seconds.
  path: Assets/Art/Places/KitchenWare.png
  artifactKey: Guid(c5ad5a1b99b39294d87f152791db3081) Importer(815301076,1909f56bfc062723c751e8b465ee728b)
Start importing Assets/Art/Places/KitchenWare.png using Guid(c5ad5a1b99b39294d87f152791db3081) Importer(815301076,1909f56bfc062723c751e8b465ee728b)  -> (artifact id: 'c331f612d4c40b040bac4a18b35b1e2f') in 0.006836 seconds
  Import took 0.009678 seconds .

========================================================================
Received Import Request.
  Time since last request: 38.378191 seconds.
  path: Assets/Art/Places/KitchenWare.png
  artifactKey: Guid(c5ad5a1b99b39294d87f152791db3081) Importer(815301076,1909f56bfc062723c751e8b465ee728b)
Start importing Assets/Art/Places/KitchenWare.png using Guid(c5ad5a1b99b39294d87f152791db3081) Importer(815301076,1909f56bfc062723c751e8b465ee728b)  -> (artifact id: '3cd3c7f427ed04bf425f784204b59980') in 0.007430 seconds
  Import took 0.010223 seconds .

========================================================================
Received Import Request.
  Time since last request: 109.367443 seconds.
  path: Assets/Art/Places/KitchenWare.png
  artifactKey: Guid(c5ad5a1b99b39294d87f152791db3081) Importer(815301076,1909f56bfc062723c751e8b465ee728b)
Start importing Assets/Art/Places/KitchenWare.png using Guid(c5ad5a1b99b39294d87f152791db3081) Importer(815301076,1909f56bfc062723c751e8b465ee728b)  -> (artifact id: '452fcd724d40d8b16aef459110a275ef') in 0.009783 seconds
  Import took 0.012555 seconds .

========================================================================
Received Prepare
Registering precompiled user dll's ...
Registered in 0.003001 seconds.
Begin MonoManager ReloadAssembly
Native extension for WindowsStandalone target not found
Refreshing native plugins compatible for Editor in 0.44 ms, found 3 plugins.
Preloading 0 native plugins for Editor in 0.00 ms.
Mono: successfully reloaded assembly
- Completed reload, in  0.619 seconds
Platform modules already initialized, skipping
Refreshing native plugins compatible for Editor in 0.40 ms, found 3 plugins.
Preloading 0 native plugins for Editor in 0.00 ms.
Unloading 2200 Unused Serialized files (Serialized files now loaded: 0)
System memory in use before: 100.8 MB.
System memory in use after: 100.8 MB.

Unloading 21 unused Assets to reduce memory usage. Loaded Objects now: 2711.
Total: 1.859200 ms (FindLiveObjects: 0.171800 ms CreateObjectMapping: 0.063900 ms MarkObjects: 1.560500 ms  DeleteObjects: 0.062400 ms)

========================================================================
Received Import Request.
  Time since last request: 998.814363 seconds.
  path: Assets/Animations/Portraits/jonnePortrait.anim
  artifactKey: Guid(83655ba577442f446b3ee89cfea8cc6c) Importer(815301076,1909f56bfc062723c751e8b465ee728b)
Start importing Assets/Animations/Portraits/jonnePortrait.anim using Guid(83655ba577442f446b3ee89cfea8cc6c) Importer(815301076,1909f56bfc062723c751e8b465ee728b)  -> (artifact id: 'a62790b2b1fcde19246c322bbf8f8033') in 0.022988 seconds
  Import took 0.026146 seconds .

========================================================================
Received Import Request.
  Time since last request: 52.873828 seconds.
  path: Assets/Animations/Portraits/jamPortrait.anim
  artifactKey: Guid(7eb7afa665e778c4487693cdfefc10f7) Importer(815301076,1909f56bfc062723c751e8b465ee728b)
Start importing Assets/Animations/Portraits/jamPortrait.anim using Guid(7eb7afa665e778c4487693cdfefc10f7) Importer(815301076,1909f56bfc062723c751e8b465ee728b)  -> (artifact id: '6507109d1db70e91d33dc07442870b55') in 0.033546 seconds
  Import took 0.036509 seconds .

========================================================================
Received Import Request.
  Time since last request: 11.856180 seconds.
  path: Assets/Animations/Portraits/jonneNeutral.anim
  artifactKey: Guid(83655ba577442f446b3ee89cfea8cc6c) Importer(815301076,1909f56bfc062723c751e8b465ee728b)
Start importing Assets/Animations/Portraits/jonneNeutral.anim using Guid(83655ba577442f446b3ee89cfea8cc6c) Importer(815301076,1909f56bfc062723c751e8b465ee728b)  -> (artifact id: '916b28876ca5daea34c19bd4b3948856') in 0.002083 seconds
  Import took 0.004773 seconds .

========================================================================
Received Import Request.
  Time since last request: 135.986583 seconds.
  path: Assets/Art/Characters/Jonne/Faces/jonneSus.anim
  artifactKey: Guid(0fdad1306c29b424f913f382c483adbb) Importer(815301076,1909f56bfc062723c751e8b465ee728b)
Start importing Assets/Art/Characters/Jonne/Faces/jonneSus.anim using Guid(0fdad1306c29b424f913f382c483adbb) Importer(815301076,1909f56bfc062723c751e8b465ee728b)  -> (artifact id: 'd968d025d18142af68c2fa58516458fd') in 0.004585 seconds
  Import took 0.007414 seconds .

========================================================================
Received Import Request.
  Time since last request: 13.009402 seconds.
  path: Assets/Animations/Portraits/PortraitAnimator.controller
  artifactKey: Guid(94376bf6c9364da4e884f4b91f44f845) Importer(815301076,1909f56bfc062723c751e8b465ee728b)
Start importing Assets/Animations/Portraits/PortraitAnimator.controller using Guid(94376bf6c9364da4e884f4b91f44f845) Importer(815301076,1909f56bfc062723c751e8b465ee728b)  -> (artifact id: '9ed3e698dc386ab2395453e41dc31d29') in 0.007824 seconds
  Import took 0.010506 seconds .

========================================================================
Received Import Request.
  Time since last request: 0.001429 seconds.
  path: Assets/Animations/Portraits/PortraitAnimator.controller
  artifactKey: Guid(94376bf6c9364da4e884f4b91f44f845) Importer(815301076,1909f56bfc062723c751e8b465ee728b)
Start importing Assets/Animations/Portraits/PortraitAnimator.controller using Guid(94376bf6c9364da4e884f4b91f44f845) Importer(815301076,1909f56bfc062723c751e8b465ee728b)  -> (artifact id: '9ed3e698dc386ab2395453e41dc31d29') in 0.002915 seconds
  Import took 0.005228 seconds .

========================================================================
Received Import Request.
  Time since last request: 257.752559 seconds.
  path: Assets/Art/Characters/Jonne/Faces/jonneSmile.anim
  artifactKey: Guid(9b4123ff7b14a5d438e0ca977a82f3c3) Importer(815301076,1909f56bfc062723c751e8b465ee728b)
Start importing Assets/Art/Characters/Jonne/Faces/jonneSmile.anim using Guid(9b4123ff7b14a5d438e0ca977a82f3c3) Importer(815301076,1909f56bfc062723c751e8b465ee728b)  -> (artifact id: '46a3234414ec528b885c143f56529c29') in 0.002097 seconds
  Import took 0.005003 seconds .

========================================================================
Received Import Request.
  Time since last request: 1.751577 seconds.
  path: Assets/Art/Characters/Jonne/Faces/jonneSmug.anim
  artifactKey: Guid(75f869ca2c50a1e4195e827db998f7cd) Importer(815301076,1909f56bfc062723c751e8b465ee728b)
Start importing Assets/Art/Characters/Jonne/Faces/jonneSmug.anim using Guid(75f869ca2c50a1e4195e827db998f7cd) Importer(815301076,1909f56bfc062723c751e8b465ee728b)  -> (artifact id: '05f5e48495b496dec3319a673f1edaf9') in 0.004522 seconds
  Import took 0.007185 seconds .

========================================================================
Received Import Request.
  Time since last request: 0.000577 seconds.
  path: Assets/Art/Characters/Jonne/Faces/jonneSmug.anim
  artifactKey: Guid(75f869ca2c50a1e4195e827db998f7cd) Importer(815301076,1909f56bfc062723c751e8b465ee728b)
Start importing Assets/Art/Characters/Jonne/Faces/jonneSmug.anim using Guid(75f869ca2c50a1e4195e827db998f7cd) Importer(815301076,1909f56bfc062723c751e8b465ee728b)  -> (artifact id: '05f5e48495b496dec3319a673f1edaf9') in 0.001897 seconds
  Import took 0.003759 seconds .

========================================================================
Received Import Request.
  Time since last request: 0.749818 seconds.
  path: Assets/Art/Characters/Jonne/Faces/jonneSurprised.anim
  artifactKey: Guid(2040d3eb556c8bf43a91a5217a5e535e) Importer(815301076,1909f56bfc062723c751e8b465ee728b)
Start importing Assets/Art/Characters/Jonne/Faces/jonneSurprised.anim using Guid(2040d3eb556c8bf43a91a5217a5e535e) Importer(815301076,1909f56bfc062723c751e8b465ee728b)  -> (artifact id: 'e1ba1d6d3cd320558f0a5bc2075ef084') in 0.006548 seconds
  Import took 0.010749 seconds .

========================================================================
Received Import Request.
  Time since last request: 2.366040 seconds.
  path: Assets/Animations/Portraits/jonneSus.anim
  artifactKey: Guid(0fdad1306c29b424f913f382c483adbb) Importer(815301076,1909f56bfc062723c751e8b465ee728b)
Start importing Assets/Animations/Portraits/jonneSus.anim using Guid(0fdad1306c29b424f913f382c483adbb) Importer(815301076,1909f56bfc062723c751e8b465ee728b)  -> (artifact id: '0f20a4faf66f6db00ba9136a5cef3f94') in 0.002082 seconds
  Import took 0.004771 seconds .

========================================================================
Received Import Request.
  Time since last request: 999.576745 seconds.
  path: Assets/Animations/Portraits/PortraitAnimator.controller
  artifactKey: Guid(94376bf6c9364da4e884f4b91f44f845) Importer(815301076,1909f56bfc062723c751e8b465ee728b)
Start importing Assets/Animations/Portraits/PortraitAnimator.controller using Guid(94376bf6c9364da4e884f4b91f44f845) Importer(815301076,1909f56bfc062723c751e8b465ee728b)  -> (artifact id: '9f0aacb3ae5901f37cc77f3cd20f25f1') in 0.005912 seconds
  Import took 0.008842 seconds .

========================================================================
Received Import Request.
  Time since last request: 6.742188 seconds.
  path: Assets/Animations/Portraits/PortraitAnimator.controller
  artifactKey: Guid(94376bf6c9364da4e884f4b91f44f845) Importer(815301076,1909f56bfc062723c751e8b465ee728b)
Start importing Assets/Animations/Portraits/PortraitAnimator.controller using Guid(94376bf6c9364da4e884f4b91f44f845) Importer(815301076,1909f56bfc062723c751e8b465ee728b)  -> (artifact id: '01d587ce12c014858cf49427f5b28dfb') in 0.005646 seconds
  Import took 0.008360 seconds .

========================================================================
Received Import Request.
  Time since last request: 17.062053 seconds.
  path: Assets/Ink
  artifactKey: Guid(2656c20c7fcd3274387069116ede22e9) Importer(815301076,1909f56bfc062723c751e8b465ee728b)
Start importing Assets/Ink using Guid(2656c20c7fcd3274387069116ede22e9) Importer(815301076,1909f56bfc062723c751e8b465ee728b)  -> (artifact id: '243f6f0f9da5069ab57b7c398314ca8b') in 0.004719 seconds
  Import took 0.007806 seconds .

========================================================================
Received Import Request.
  Time since last request: 28.739126 seconds.
  path: Assets/Dialogue/1st Day Jonne&Sari.json
  artifactKey: Guid(252f7822e1a621544949cf2678b71991) Importer(815301076,1909f56bfc062723c751e8b465ee728b)
Start importing Assets/Dialogue/1st Day Jonne&Sari.json using Guid(252f7822e1a621544949cf2678b71991) Importer(815301076,1909f56bfc062723c751e8b465ee728b)  -> (artifact id: '70ecdef296d9a5bded921bc22d107ba1') in 0.005738 seconds
  Import took 0.008530 seconds .

========================================================================
Received Import Request.
  Time since last request: 0.035788 seconds.
  path: Assets/Dialogue/1st Day Jonne&Sari.json
  artifactKey: Guid(252f7822e1a621544949cf2678b71991) Importer(815301076,1909f56bfc062723c751e8b465ee728b)
Start importing Assets/Dialogue/1st Day Jonne&Sari.json using Guid(252f7822e1a621544949cf2678b71991) Importer(815301076,1909f56bfc062723c751e8b465ee728b)  -> (artifact id: '70ecdef296d9a5bded921bc22d107ba1') in 0.001629 seconds
  Import took 0.003713 seconds .

========================================================================
Received Import Request.
  Time since last request: 286.912886 seconds.
  path: Assets/Dialogue/1st Day Jonne&Sari.json
  artifactKey: Guid(252f7822e1a621544949cf2678b71991) Importer(815301076,1909f56bfc062723c751e8b465ee728b)
Start importing Assets/Dialogue/1st Day Jonne&Sari.json using Guid(252f7822e1a621544949cf2678b71991) Importer(815301076,1909f56bfc062723c751e8b465ee728b)  -> (artifact id: '437eb27d604e3e3339aa9d7d9c09e7c1') in 0.002159 seconds
  Import took 0.005014 seconds .

========================================================================
Received Import Request.
  Time since last request: 0.000466 seconds.
  path: Assets/Dialogue/1st Day Jonne&Sari.json
  artifactKey: Guid(252f7822e1a621544949cf2678b71991) Importer(815301076,1909f56bfc062723c751e8b465ee728b)
Start importing Assets/Dialogue/1st Day Jonne&Sari.json using Guid(252f7822e1a621544949cf2678b71991) Importer(815301076,1909f56bfc062723c751e8b465ee728b)  -> (artifact id: '437eb27d604e3e3339aa9d7d9c09e7c1') in 0.001674 seconds
  Import took 0.003849 seconds .

========================================================================
Received Prepare
Registering precompiled user dll's ...
Registered in 0.002946 seconds.
Begin MonoManager ReloadAssembly
Native extension for WindowsStandalone target not found
Refreshing native plugins compatible for Editor in 0.45 ms, found 3 plugins.
Preloading 0 native plugins for Editor in 0.00 ms.
Mono: successfully reloaded assembly
- Completed reload, in  0.653 seconds
Platform modules already initialized, skipping
Refreshing native plugins compatible for Editor in 0.39 ms, found 3 plugins.
Preloading 0 native plugins for Editor in 0.00 ms.
Unloading 2200 Unused Serialized files (Serialized files now loaded: 0)
System memory in use before: 100.8 MB.
System memory in use after: 100.9 MB.

Unloading 21 unused Assets to reduce memory usage. Loaded Objects now: 2715.
Total: 1.881700 ms (FindLiveObjects: 0.176400 ms CreateObjectMapping: 0.067800 ms MarkObjects: 1.567500 ms  DeleteObjects: 0.069300 ms)

========================================================================
Received Import Request.
  Time since last request: 469.972687 seconds.
  path: Assets/Animations/Player.controller
  artifactKey: Guid(a1d37182c44fea84ab2c983e6921fc42) Importer(815301076,1909f56bfc062723c751e8b465ee728b)
Start importing Assets/Animations/Player.controller using Guid(a1d37182c44fea84ab2c983e6921fc42) Importer(815301076,1909f56bfc062723c751e8b465ee728b)  -> (artifact id: 'a848c552db4cda093e3b7313028e8d9f') in 0.032578 seconds
  Import took 0.035682 seconds .

========================================================================
Received Prepare
Registering precompiled user dll's ...
Registered in 0.002929 seconds.
Begin MonoManager ReloadAssembly
Native extension for WindowsStandalone target not found
Refreshing native plugins compatible for Editor in 0.39 ms, found 3 plugins.
Preloading 0 native plugins for Editor in 0.00 ms.
Mono: successfully reloaded assembly
- Completed reload, in  0.604 seconds
Platform modules already initialized, skipping
Refreshing native plugins compatible for Editor in 0.37 ms, found 3 plugins.
Preloading 0 native plugins for Editor in 0.00 ms.
Unloading 2200 Unused Serialized files (Serialized files now loaded: 0)
System memory in use before: 100.8 MB.
System memory in use after: 100.9 MB.

Unloading 21 unused Assets to reduce memory usage. Loaded Objects now: 2719.
Total: 1.839200 ms (FindLiveObjects: 0.178700 ms CreateObjectMapping: 0.059800 ms MarkObjects: 1.532800 ms  DeleteObjects: 0.067200 ms)

========================================================================
Received Prepare
Registering precompiled user dll's ...
Registered in 0.002944 seconds.
Begin MonoManager ReloadAssembly
Native extension for WindowsStandalone target not found
Refreshing native plugins compatible for Editor in 0.45 ms, found 3 plugins.
Preloading 0 native plugins for Editor in 0.00 ms.
Mono: successfully reloaded assembly
- Completed reload, in  0.602 seconds
Platform modules already initialized, skipping
Refreshing native plugins compatible for Editor in 0.38 ms, found 3 plugins.
Preloading 0 native plugins for Editor in 0.00 ms.
Unloading 2200 Unused Serialized files (Serialized files now loaded: 0)
System memory in use before: 100.8 MB.
System memory in use after: 100.9 MB.

Unloading 21 unused Assets to reduce memory usage. Loaded Objects now: 2723.
Total: 1.908800 ms (FindLiveObjects: 0.184600 ms CreateObjectMapping: 0.069300 ms MarkObjects: 1.588900 ms  DeleteObjects: 0.065200 ms)

========================================================================
Received Prepare
Registering precompiled user dll's ...
Registered in 0.002990 seconds.
Begin MonoManager ReloadAssembly
Native extension for WindowsStandalone target not found
Refreshing native plugins compatible for Editor in 0.43 ms, found 3 plugins.
Preloading 0 native plugins for Editor in 0.00 ms.
Mono: successfully reloaded assembly
- Completed reload, in  0.604 seconds
Platform modules already initialized, skipping
Refreshing native plugins compatible for Editor in 0.36 ms, found 3 plugins.
Preloading 0 native plugins for Editor in 0.00 ms.
Unloading 2200 Unused Serialized files (Serialized files now loaded: 0)
System memory in use before: 100.8 MB.
System memory in use after: 100.9 MB.

Unloading 21 unused Assets to reduce memory usage. Loaded Objects now: 2727.
Total: 1.839600 ms (FindLiveObjects: 0.168200 ms CreateObjectMapping: 0.070300 ms MarkObjects: 1.535100 ms  DeleteObjects: 0.065300 ms)

========================================================================
Received Prepare
Registering precompiled user dll's ...
Registered in 0.002949 seconds.
Begin MonoManager ReloadAssembly
Native extension for WindowsStandalone target not found
Refreshing native plugins compatible for Editor in 0.43 ms, found 3 plugins.
Preloading 0 native plugins for Editor in 0.00 ms.
Mono: successfully reloaded assembly
- Completed reload, in  0.614 seconds
Platform modules already initialized, skipping
Refreshing native plugins compatible for Editor in 0.43 ms, found 3 plugins.
Preloading 0 native plugins for Editor in 0.00 ms.
Unloading 2200 Unused Serialized files (Serialized files now loaded: 0)
System memory in use before: 100.9 MB.
System memory in use after: 100.9 MB.

Unloading 21 unused Assets to reduce memory usage. Loaded Objects now: 2731.
Total: 1.947900 ms (FindLiveObjects: 0.194500 ms CreateObjectMapping: 0.079000 ms MarkObjects: 1.594300 ms  DeleteObjects: 0.079600 ms)

========================================================================
Received Prepare
Registering precompiled user dll's ...
Registered in 0.003012 seconds.
Begin MonoManager ReloadAssembly
Native extension for WindowsStandalone target not found
Refreshing native plugins compatible for Editor in 0.44 ms, found 3 plugins.
Preloading 0 native plugins for Editor in 0.00 ms.
Mono: successfully reloaded assembly
- Completed reload, in  0.605 seconds
Platform modules already initialized, skipping
Refreshing native plugins compatible for Editor in 0.42 ms, found 3 plugins.
Preloading 0 native plugins for Editor in 0.00 ms.
Unloading 2200 Unused Serialized files (Serialized files now loaded: 0)
System memory in use before: 100.8 MB.
System memory in use after: 100.8 MB.

Unloading 21 unused Assets to reduce memory usage. Loaded Objects now: 2735.
Total: 1.825900 ms (FindLiveObjects: 0.181500 ms CreateObjectMapping: 0.059900 ms MarkObjects: 1.518100 ms  DeleteObjects: 0.065800 ms)

========================================================================
Received Prepare
Registering precompiled user dll's ...
Registered in 0.003100 seconds.
Begin MonoManager ReloadAssembly
Native extension for WindowsStandalone target not found
Refreshing native plugins compatible for Editor in 0.43 ms, found 3 plugins.
Preloading 0 native plugins for Editor in 0.00 ms.
Mono: successfully reloaded assembly
- Completed reload, in  0.599 seconds
Platform modules already initialized, skipping
Refreshing native plugins compatible for Editor in 0.39 ms, found 3 plugins.
Preloading 0 native plugins for Editor in 0.00 ms.
Unloading 2200 Unused Serialized files (Serialized files now loaded: 0)
System memory in use before: 100.8 MB.
System memory in use after: 100.9 MB.

Unloading 21 unused Assets to reduce memory usage. Loaded Objects now: 2739.
Total: 1.852300 ms (FindLiveObjects: 0.199100 ms CreateObjectMapping: 0.055200 ms MarkObjects: 1.435300 ms  DeleteObjects: 0.162000 ms)

========================================================================
Received Prepare
Registering precompiled user dll's ...
Registered in 0.003028 seconds.
Begin MonoManager ReloadAssembly
Native extension for WindowsStandalone target not found
Refreshing native plugins compatible for Editor in 0.46 ms, found 3 plugins.
Preloading 0 native plugins for Editor in 0.00 ms.
Mono: successfully reloaded assembly
- Completed reload, in  0.672 seconds
Platform modules already initialized, skipping
Refreshing native plugins compatible for Editor in 0.37 ms, found 3 plugins.
Preloading 0 native plugins for Editor in 0.00 ms.
Unloading 2200 Unused Serialized files (Serialized files now loaded: 0)
System memory in use before: 100.8 MB.
System memory in use after: 100.9 MB.

Unloading 21 unused Assets to reduce memory usage. Loaded Objects now: 2743.
Total: 1.901100 ms (FindLiveObjects: 0.225300 ms CreateObjectMapping: 0.072300 ms MarkObjects: 1.532800 ms  DeleteObjects: 0.069900 ms)

========================================================================
Received Prepare
Registering precompiled user dll's ...
Registered in 0.003004 seconds.
Begin MonoManager ReloadAssembly
Native extension for WindowsStandalone target not found
Refreshing native plugins compatible for Editor in 0.44 ms, found 3 plugins.
Preloading 0 native plugins for Editor in 0.00 ms.
Mono: successfully reloaded assembly
- Completed reload, in  0.652 seconds
Platform modules already initialized, skipping
Refreshing native plugins compatible for Editor in 0.39 ms, found 3 plugins.
Preloading 0 native plugins for Editor in 0.00 ms.
Unloading 2200 Unused Serialized files (Serialized files now loaded: 0)
System memory in use before: 100.8 MB.
System memory in use after: 100.9 MB.

Unloading 21 unused Assets to reduce memory usage. Loaded Objects now: 2747.
Total: 1.974400 ms (FindLiveObjects: 0.192200 ms CreateObjectMapping: 0.065900 ms MarkObjects: 1.642600 ms  DeleteObjects: 0.073000 ms)

========================================================================
Received Import Request.
  Time since last request: 1280.738204 seconds.
  path: Assets/Signals/SitSignal.signal
  artifactKey: Guid(0007f5b782c6b0043bf8434e40e7db90) Importer(815301076,1909f56bfc062723c751e8b465ee728b)
Start importing Assets/Signals/SitSignal.signal using Guid(0007f5b782c6b0043bf8434e40e7db90) Importer(815301076,1909f56bfc062723c751e8b465ee728b)  -> (artifact id: 'df26a1e1de863ff0d0fea64f8b51bd14') in 0.016794 seconds
  Import took 0.019662 seconds .

========================================================================
Received Prepare
Registering precompiled user dll's ...
Registered in 0.003010 seconds.
Begin MonoManager ReloadAssembly
Native extension for WindowsStandalone target not found
Refreshing native plugins compatible for Editor in 0.43 ms, found 3 plugins.
Preloading 0 native plugins for Editor in 0.00 ms.
Mono: successfully reloaded assembly
- Completed reload, in  0.598 seconds
Platform modules already initialized, skipping
Refreshing native plugins compatible for Editor in 0.38 ms, found 3 plugins.
Preloading 0 native plugins for Editor in 0.00 ms.
Unloading 2200 Unused Serialized files (Serialized files now loaded: 0)
System memory in use before: 100.8 MB.
System memory in use after: 100.9 MB.

Unloading 21 unused Assets to reduce memory usage. Loaded Objects now: 2751.
Total: 1.887900 ms (FindLiveObjects: 0.190500 ms CreateObjectMapping: 0.067200 ms MarkObjects: 1.561600 ms  DeleteObjects: 0.067900 ms)

AssetImportWorkerClient::OnTransportError - code=2 error=End of file
